*** Start analyzing build configuration ***
*** List of included argument files ***
    Build configuration file:  C:\Users\ADMIN\Desktop\V2_pro\virtual_project\rkv_v2pro_i2c_RKV_I2C_TB_05\rkv_i2c_tb\.dvt\default.build
    -f C:\Users\ADMIN\Desktop\V2_pro\virtual_project\rkv_v2pro_i2c_RKV_I2C_TB_05\rkv_i2c_tb\sim\rkv_i2c.dvt.flist
*** List of invocations ***
Invocation #1 +dvt_init+dvt in C:\Users\ADMIN\Desktop\V2_pro\virtual_project\rkv_v2pro_i2c_RKV_I2C_TB_05\rkv_i2c_tb\.dvt\default.build at line 3
*** Done analyzing build configuration [49 ms] ***
*** Start SystemVerilog build ***
*** Loading top files ***
Loading (1) C:\dvt_eclipse\predefined_projects\libs\uvm-1.2\src\uvm_pkg.sv ...
Loading (2) C:\dvt_eclipse\predefined_projects\libs\uvm-1.2\src\uvm_macros.svh ...
Loading (3) C:\dvt_eclipse\predefined_projects\libs\uvm-1.2\src\macros\uvm_version_defines.svh ...
Done C:\dvt_eclipse\predefined_projects\libs\uvm-1.2\src\macros\uvm_version_defines.svh [84 ms, 151 lines, SystemVerilog_2012] ...
Loading (4) C:\dvt_eclipse\predefined_projects\libs\uvm-1.2\src\macros\uvm_global_defines.svh ...
Done C:\dvt_eclipse\predefined_projects\libs\uvm-1.2\src\macros\uvm_global_defines.svh [0 ms, 61 lines, SystemVerilog_2012] ...
Loading (5) C:\dvt_eclipse\predefined_projects\libs\uvm-1.2\src\macros\uvm_message_defines.svh ...
Done C:\dvt_eclipse\predefined_projects\libs\uvm-1.2\src\macros\uvm_message_defines.svh [0 ms, 539 lines, SystemVerilog_2012] ...
Loading (6) C:\dvt_eclipse\predefined_projects\libs\uvm-1.2\src\macros\uvm_phase_defines.svh ...
Done C:\dvt_eclipse\predefined_projects\libs\uvm-1.2\src\macros\uvm_phase_defines.svh [0 ms, 130 lines, SystemVerilog_2012] ...
Loading (7) C:\dvt_eclipse\predefined_projects\libs\uvm-1.2\src\macros\uvm_object_defines.svh ...
Done C:\dvt_eclipse\predefined_projects\libs\uvm-1.2\src\macros\uvm_object_defines.svh [53 ms, 3815 lines, SystemVerilog_2012] ...
Loading (8) C:\dvt_eclipse\predefined_projects\libs\uvm-1.2\src\macros\uvm_printer_defines.svh ...
Done C:\dvt_eclipse\predefined_projects\libs\uvm-1.2\src\macros\uvm_printer_defines.svh [0 ms, 423 lines, SystemVerilog_2012] ...
Loading (9) C:\dvt_eclipse\predefined_projects\libs\uvm-1.2\src\macros\uvm_tlm_defines.svh ...
Loading (10) C:\dvt_eclipse\predefined_projects\libs\uvm-1.2\src\tlm1\uvm_tlm_imps.svh ...
Done C:\dvt_eclipse\predefined_projects\libs\uvm-1.2\src\tlm1\uvm_tlm_imps.svh [54 ms, 229 lines, SystemVerilog_2012] ...
Done C:\dvt_eclipse\predefined_projects\libs\uvm-1.2\src\macros\uvm_tlm_defines.svh [0 ms, 617 lines, SystemVerilog_2012] ...
Loading (11) C:\dvt_eclipse\predefined_projects\libs\uvm-1.2\src\macros\uvm_sequence_defines.svh ...
Done C:\dvt_eclipse\predefined_projects\libs\uvm-1.2\src\macros\uvm_sequence_defines.svh [0 ms, 456 lines, SystemVerilog_2012] ...
Loading (12) C:\dvt_eclipse\predefined_projects\libs\uvm-1.2\src\macros\uvm_callback_defines.svh ...
Done C:\dvt_eclipse\predefined_projects\libs\uvm-1.2\src\macros\uvm_callback_defines.svh [0 ms, 301 lines, SystemVerilog_2012] ...
Loading (13) C:\dvt_eclipse\predefined_projects\libs\uvm-1.2\src\macros\uvm_reg_defines.svh ...
Done C:\dvt_eclipse\predefined_projects\libs\uvm-1.2\src\macros\uvm_reg_defines.svh [54 ms, 69 lines, SystemVerilog_2012] ...
Loading (14) C:\dvt_eclipse\predefined_projects\libs\uvm-1.2\src\macros\uvm_deprecated_defines.svh ...
Done C:\dvt_eclipse\predefined_projects\libs\uvm-1.2\src\macros\uvm_deprecated_defines.svh [0 ms, 252 lines, SystemVerilog_2012] ...
Done C:\dvt_eclipse\predefined_projects\libs\uvm-1.2\src\uvm_macros.svh [0 ms, 82 lines, SystemVerilog_2012] ...
Loading (15) C:\dvt_eclipse\predefined_projects\libs\uvm-1.2\src\dpi\uvm_dpi.svh ...
Loading (16) C:\dvt_eclipse\predefined_projects\libs\uvm-1.2\src\dpi\uvm_hdl.svh ...
Done C:\dvt_eclipse\predefined_projects\libs\uvm-1.2\src\dpi\uvm_hdl.svh [8 ms, 164 lines, SystemVerilog_2012] ...
Loading (17) C:\dvt_eclipse\predefined_projects\libs\uvm-1.2\src\dpi\uvm_svcmd_dpi.svh ...
Done C:\dvt_eclipse\predefined_projects\libs\uvm-1.2\src\dpi\uvm_svcmd_dpi.svh [2 ms, 66 lines, SystemVerilog_2012] ...
Loading (18) C:\dvt_eclipse\predefined_projects\libs\uvm-1.2\src\dpi\uvm_regex.svh ...
Done C:\dvt_eclipse\predefined_projects\libs\uvm-1.2\src\dpi\uvm_regex.svh [1 ms, 89 lines, SystemVerilog_2012] ...
Done C:\dvt_eclipse\predefined_projects\libs\uvm-1.2\src\dpi\uvm_dpi.svh [0 ms, 44 lines, SystemVerilog_2012] ...
Loading (19) C:\dvt_eclipse\predefined_projects\libs\uvm-1.2\src\base\uvm_base.svh ...
Loading (20) C:\dvt_eclipse\predefined_projects\libs\uvm-1.2\src\base\uvm_coreservice.svh ...
Done C:\dvt_eclipse\predefined_projects\libs\uvm-1.2\src\base\uvm_coreservice.svh [66 ms, 224 lines, SystemVerilog_2012] ...
Loading (21) C:\dvt_eclipse\predefined_projects\libs\uvm-1.2\src\base\uvm_version.svh ...
Done C:\dvt_eclipse\predefined_projects\libs\uvm-1.2\src\base\uvm_version.svh [1 ms, 39 lines, SystemVerilog_2012] ...
Loading (22) C:\dvt_eclipse\predefined_projects\libs\uvm-1.2\src\base\uvm_object_globals.svh ...
Done C:\dvt_eclipse\predefined_projects\libs\uvm-1.2\src\base\uvm_object_globals.svh [13 ms, 658 lines, SystemVerilog_2012] ...
Loading (23) C:\dvt_eclipse\predefined_projects\libs\uvm-1.2\src\base\uvm_misc.svh ...
Done C:\dvt_eclipse\predefined_projects\libs\uvm-1.2\src\base\uvm_misc.svh [49 ms, 754 lines, SystemVerilog_2012] ...
Loading (24) C:\dvt_eclipse\predefined_projects\libs\uvm-1.2\src\base\uvm_object.svh ...
Done C:\dvt_eclipse\predefined_projects\libs\uvm-1.2\src\base\uvm_object.svh [36 ms, 1331 lines, SystemVerilog_2012] ...
Loading (25) C:\dvt_eclipse\predefined_projects\libs\uvm-1.2\src\base\uvm_pool.svh ...
Done C:\dvt_eclipse\predefined_projects\libs\uvm-1.2\src\base\uvm_pool.svh [13 ms, 348 lines, SystemVerilog_2012] ...
Loading (26) C:\dvt_eclipse\predefined_projects\libs\uvm-1.2\src\base\uvm_queue.svh ...
Done C:\dvt_eclipse\predefined_projects\libs\uvm-1.2\src\base\uvm_queue.svh [5 ms, 204 lines, SystemVerilog_2012] ...
Loading (27) C:\dvt_eclipse\predefined_projects\libs\uvm-1.2\src\base\uvm_factory.svh ...
Done C:\dvt_eclipse\predefined_projects\libs\uvm-1.2\src\base\uvm_factory.svh [52 ms, 1790 lines, SystemVerilog_2012] ...
Loading (28) C:\dvt_eclipse\predefined_projects\libs\uvm-1.2\src\base\uvm_registry.svh ...
Done C:\dvt_eclipse\predefined_projects\libs\uvm-1.2\src\base\uvm_registry.svh [7 ms, 381 lines, SystemVerilog_2012] ...
Loading (29) C:\dvt_eclipse\predefined_projects\libs\uvm-1.2\src\base\uvm_spell_chkr.svh ...
Done C:\dvt_eclipse\predefined_projects\libs\uvm-1.2\src\base\uvm_spell_chkr.svh [8 ms, 204 lines, SystemVerilog_2012] ...
Loading (30) C:\dvt_eclipse\predefined_projects\libs\uvm-1.2\src\base\uvm_resource.svh ...
Done C:\dvt_eclipse\predefined_projects\libs\uvm-1.2\src\base\uvm_resource.svh [27 ms, 1695 lines, SystemVerilog_2012] ...
Loading (31) C:\dvt_eclipse\predefined_projects\libs\uvm-1.2\src\base\uvm_resource_specializations.svh ...
Done C:\dvt_eclipse\predefined_projects\libs\uvm-1.2\src\base\uvm_resource_specializations.svh [19 ms, 171 lines, SystemVerilog_2012] ...
Loading (32) C:\dvt_eclipse\predefined_projects\libs\uvm-1.2\src\base\uvm_resource_db.svh ...
Done C:\dvt_eclipse\predefined_projects\libs\uvm-1.2\src\base\uvm_resource_db.svh [61 ms, 400 lines, SystemVerilog_2012] ...
Loading (33) C:\dvt_eclipse\predefined_projects\libs\uvm-1.2\src\base\uvm_config_db.svh ...
Done C:\dvt_eclipse\predefined_projects\libs\uvm-1.2\src\base\uvm_config_db.svh [9 ms, 411 lines, SystemVerilog_2012] ...
Loading (34) C:\dvt_eclipse\predefined_projects\libs\uvm-1.2\src\base\uvm_printer.svh ...
Done C:\dvt_eclipse\predefined_projects\libs\uvm-1.2\src\base\uvm_printer.svh [37 ms, 1232 lines, SystemVerilog_2012] ...
Loading (35) C:\dvt_eclipse\predefined_projects\libs\uvm-1.2\src\base\uvm_comparer.svh ...
Done C:\dvt_eclipse\predefined_projects\libs\uvm-1.2\src\base\uvm_comparer.svh [7 ms, 423 lines, SystemVerilog_2012] ...
Loading (36) C:\dvt_eclipse\predefined_projects\libs\uvm-1.2\src\base\uvm_packer.svh ...
Done C:\dvt_eclipse\predefined_projects\libs\uvm-1.2\src\base\uvm_packer.svh [23 ms, 1038 lines, SystemVerilog_2012] ...
Loading (37) C:\dvt_eclipse\predefined_projects\libs\uvm-1.2\src\base\uvm_links.svh ...
Done C:\dvt_eclipse\predefined_projects\libs\uvm-1.2\src\base\uvm_links.svh [8 ms, 371 lines, SystemVerilog_2012] ...
Loading (38) C:\dvt_eclipse\predefined_projects\libs\uvm-1.2\src\base\uvm_tr_database.svh ...
Done C:\dvt_eclipse\predefined_projects\libs\uvm-1.2\src\base\uvm_tr_database.svh [8 ms, 433 lines, SystemVerilog_2012] ...
Loading (39) C:\dvt_eclipse\predefined_projects\libs\uvm-1.2\src\base\uvm_tr_stream.svh ...
Done C:\dvt_eclipse\predefined_projects\libs\uvm-1.2\src\base\uvm_tr_stream.svh [65 ms, 592 lines, SystemVerilog_2012] ...
Loading (40) C:\dvt_eclipse\predefined_projects\libs\uvm-1.2\src\base\uvm_recorder.svh ...
Done C:\dvt_eclipse\predefined_projects\libs\uvm-1.2\src\base\uvm_recorder.svh [8 ms, 1141 lines, SystemVerilog_2012] ...
Loading (41) C:\dvt_eclipse\predefined_projects\libs\uvm-1.2\src\base\uvm_event_callback.svh ...
Done C:\dvt_eclipse\predefined_projects\libs\uvm-1.2\src\base\uvm_event_callback.svh [0 ms, 91 lines, SystemVerilog_2012] ...
Loading (42) C:\dvt_eclipse\predefined_projects\libs\uvm-1.2\src\base\uvm_event.svh ...
Done C:\dvt_eclipse\predefined_projects\libs\uvm-1.2\src\base\uvm_event.svh [5 ms, 395 lines, SystemVerilog_2012] ...
Loading (43) C:\dvt_eclipse\predefined_projects\libs\uvm-1.2\src\base\uvm_barrier.svh ...
Done C:\dvt_eclipse\predefined_projects\libs\uvm-1.2\src\base\uvm_barrier.svh [55 ms, 210 lines, SystemVerilog_2012] ...
Loading (44) C:\dvt_eclipse\predefined_projects\libs\uvm-1.2\src\base\uvm_callback.svh ...
Loading (45) C:\dvt_eclipse\predefined_projects\libs\uvm-1.2\src\uvm_macros.svh ...
Done C:\dvt_eclipse\predefined_projects\libs\uvm-1.2\src\uvm_macros.svh [0 ms, 82 lines, SystemVerilog_2012] ...
Done C:\dvt_eclipse\predefined_projects\libs\uvm-1.2\src\base\uvm_callback.svh [33 ms, 1199 lines, SystemVerilog_2012] ...
Loading (46) C:\dvt_eclipse\predefined_projects\libs\uvm-1.2\src\base\uvm_report_message.svh ...
Done C:\dvt_eclipse\predefined_projects\libs\uvm-1.2\src\base\uvm_report_message.svh [10 ms, 940 lines, SystemVerilog_2012] ...
Loading (47) C:\dvt_eclipse\predefined_projects\libs\uvm-1.2\src\base\uvm_report_catcher.svh ...
Done C:\dvt_eclipse\predefined_projects\libs\uvm-1.2\src\base\uvm_report_catcher.svh [12 ms, 713 lines, SystemVerilog_2012] ...
Loading (48) C:\dvt_eclipse\predefined_projects\libs\uvm-1.2\src\base\uvm_report_server.svh ...
Done C:\dvt_eclipse\predefined_projects\libs\uvm-1.2\src\base\uvm_report_server.svh [9 ms, 923 lines, SystemVerilog_2012] ...
Loading (49) C:\dvt_eclipse\predefined_projects\libs\uvm-1.2\src\base\uvm_report_handler.svh ...
Done C:\dvt_eclipse\predefined_projects\libs\uvm-1.2\src\base\uvm_report_handler.svh [12 ms, 801 lines, SystemVerilog_2012] ...
Loading (50) C:\dvt_eclipse\predefined_projects\libs\uvm-1.2\src\base\uvm_report_object.svh ...
Done C:\dvt_eclipse\predefined_projects\libs\uvm-1.2\src\base\uvm_report_object.svh [8 ms, 660 lines, SystemVerilog_2012] ...
Loading (51) C:\dvt_eclipse\predefined_projects\libs\uvm-1.2\src\base\uvm_transaction.svh ...
Done C:\dvt_eclipse\predefined_projects\libs\uvm-1.2\src\base\uvm_transaction.svh [57 ms, 781 lines, SystemVerilog_2012] ...
Loading (52) C:\dvt_eclipse\predefined_projects\libs\uvm-1.2\src\base\uvm_phase.svh ...
Done C:\dvt_eclipse\predefined_projects\libs\uvm-1.2\src\base\uvm_phase.svh [37 ms, 2254 lines, SystemVerilog_2012] ...
Loading (53) C:\dvt_eclipse\predefined_projects\libs\uvm-1.2\src\base\uvm_domain.svh ...
Done C:\dvt_eclipse\predefined_projects\libs\uvm-1.2\src\base\uvm_domain.svh [3 ms, 219 lines, SystemVerilog_2012] ...
Loading (54) C:\dvt_eclipse\predefined_projects\libs\uvm-1.2\src\base\uvm_bottomup_phase.svh ...
Done C:\dvt_eclipse\predefined_projects\libs\uvm-1.2\src\base\uvm_bottomup_phase.svh [1 ms, 113 lines, SystemVerilog_2012] ...
Loading (55) C:\dvt_eclipse\predefined_projects\libs\uvm-1.2\src\base\uvm_topdown_phase.svh ...
Done C:\dvt_eclipse\predefined_projects\libs\uvm-1.2\src\base\uvm_topdown_phase.svh [54 ms, 115 lines, SystemVerilog_2012] ...
Loading (56) C:\dvt_eclipse\predefined_projects\libs\uvm-1.2\src\base\uvm_task_phase.svh ...
Done C:\dvt_eclipse\predefined_projects\libs\uvm-1.2\src\base\uvm_task_phase.svh [3 ms, 162 lines, SystemVerilog_2012] ...
Loading (57) C:\dvt_eclipse\predefined_projects\libs\uvm-1.2\src\base\uvm_common_phases.svh ...
Done C:\dvt_eclipse\predefined_projects\libs\uvm-1.2\src\base\uvm_common_phases.svh [4 ms, 452 lines, SystemVerilog_2012] ...
Loading (58) C:\dvt_eclipse\predefined_projects\libs\uvm-1.2\src\base\uvm_runtime_phases.svh ...
Done C:\dvt_eclipse\predefined_projects\libs\uvm-1.2\src\base\uvm_runtime_phases.svh [4 ms, 556 lines, SystemVerilog_2012] ...
Loading (59) C:\dvt_eclipse\predefined_projects\libs\uvm-1.2\src\base\uvm_component.svh ...
Loading (60) C:\dvt_eclipse\predefined_projects\libs\uvm-1.2\src\base\uvm_root.svh ...
Done C:\dvt_eclipse\predefined_projects\libs\uvm-1.2\src\base\uvm_root.svh [78 ms, 1073 lines, SystemVerilog_2012] ...
Done C:\dvt_eclipse\predefined_projects\libs\uvm-1.2\src\base\uvm_component.svh [24 ms, 3639 lines, SystemVerilog_2012] ...
Loading (61) C:\dvt_eclipse\predefined_projects\libs\uvm-1.2\src\base\uvm_objection.svh ...
Done C:\dvt_eclipse\predefined_projects\libs\uvm-1.2\src\base\uvm_objection.svh [9 ms, 1454 lines, SystemVerilog_2012] ...
Loading (62) C:\dvt_eclipse\predefined_projects\libs\uvm-1.2\src\base\uvm_heartbeat.svh ...
Done C:\dvt_eclipse\predefined_projects\libs\uvm-1.2\src\base\uvm_heartbeat.svh [3 ms, 342 lines, SystemVerilog_2012] ...
Loading (63) C:\dvt_eclipse\predefined_projects\libs\uvm-1.2\src\base\uvm_globals.svh ...
Done C:\dvt_eclipse\predefined_projects\libs\uvm-1.2\src\base\uvm_globals.svh [58 ms, 565 lines, SystemVerilog_2012] ...
Loading (64) C:\dvt_eclipse\predefined_projects\libs\uvm-1.2\src\base\uvm_cmdline_processor.svh ...
Done C:\dvt_eclipse\predefined_projects\libs\uvm-1.2\src\base\uvm_cmdline_processor.svh [6 ms, 462 lines, SystemVerilog_2012] ...
Loading (65) C:\dvt_eclipse\predefined_projects\libs\uvm-1.2\src\base\uvm_traversal.svh ...
Done C:\dvt_eclipse\predefined_projects\libs\uvm-1.2\src\base\uvm_traversal.svh [4 ms, 289 lines, SystemVerilog_2012] ...
Done C:\dvt_eclipse\predefined_projects\libs\uvm-1.2\src\base\uvm_base.svh [0 ms, 113 lines, SystemVerilog_2012] ...
Loading (66) C:\dvt_eclipse\predefined_projects\libs\uvm-1.2\src\dap\uvm_dap.svh ...
Loading (67) C:\dvt_eclipse\predefined_projects\libs\uvm-1.2\src\dap\uvm_set_get_dap_base.svh ...
Done C:\dvt_eclipse\predefined_projects\libs\uvm-1.2\src\dap\uvm_set_get_dap_base.svh [0 ms, 84 lines, SystemVerilog_2012] ...
Loading (68) C:\dvt_eclipse\predefined_projects\libs\uvm-1.2\src\dap\uvm_simple_lock_dap.svh ...
Done C:\dvt_eclipse\predefined_projects\libs\uvm-1.2\src\dap\uvm_simple_lock_dap.svh [55 ms, 179 lines, SystemVerilog_2012] ...
Loading (69) C:\dvt_eclipse\predefined_projects\libs\uvm-1.2\src\dap\uvm_get_to_lock_dap.svh ...
Done C:\dvt_eclipse\predefined_projects\libs\uvm-1.2\src\dap\uvm_get_to_lock_dap.svh [2 ms, 155 lines, SystemVerilog_2012] ...
Loading (70) C:\dvt_eclipse\predefined_projects\libs\uvm-1.2\src\dap\uvm_set_before_get_dap.svh ...
Done C:\dvt_eclipse\predefined_projects\libs\uvm-1.2\src\dap\uvm_set_before_get_dap.svh [3 ms, 185 lines, SystemVerilog_2012] ...
Done C:\dvt_eclipse\predefined_projects\libs\uvm-1.2\src\dap\uvm_dap.svh [0 ms, 35 lines, SystemVerilog_2012] ...
Loading (71) C:\dvt_eclipse\predefined_projects\libs\uvm-1.2\src\tlm1\uvm_tlm.svh ...
Loading (72) C:\dvt_eclipse\predefined_projects\libs\uvm-1.2\src\tlm1\uvm_tlm_ifs.svh ...
Done C:\dvt_eclipse\predefined_projects\libs\uvm-1.2\src\tlm1\uvm_tlm_ifs.svh [57 ms, 219 lines, SystemVerilog_2012] ...
Loading (73) C:\dvt_eclipse\predefined_projects\libs\uvm-1.2\src\tlm1\uvm_sqr_ifs.svh ...
Done C:\dvt_eclipse\predefined_projects\libs\uvm-1.2\src\tlm1\uvm_sqr_ifs.svh [2 ms, 253 lines, SystemVerilog_2012] ...
Loading (74) C:\dvt_eclipse\predefined_projects\libs\uvm-1.2\src\base\uvm_port_base.svh ...
Done C:\dvt_eclipse\predefined_projects\libs\uvm-1.2\src\base\uvm_port_base.svh [7 ms, 793 lines, SystemVerilog_2012] ...
Loading (75) C:\dvt_eclipse\predefined_projects\libs\uvm-1.2\src\tlm1\uvm_tlm_imps.svh ...
Done C:\dvt_eclipse\predefined_projects\libs\uvm-1.2\src\tlm1\uvm_tlm_imps.svh [0 ms, 229 lines, SystemVerilog_2012] ...
Loading (76) C:\dvt_eclipse\predefined_projects\libs\uvm-1.2\src\tlm1\uvm_imps.svh ...
Done C:\dvt_eclipse\predefined_projects\libs\uvm-1.2\src\tlm1\uvm_imps.svh [7 ms, 317 lines, SystemVerilog_2012] ...
Loading (77) C:\dvt_eclipse\predefined_projects\libs\uvm-1.2\src\tlm1\uvm_ports.svh ...
Done C:\dvt_eclipse\predefined_projects\libs\uvm-1.2\src\tlm1\uvm_ports.svh [59 ms, 263 lines, SystemVerilog_2012] ...
Loading (78) C:\dvt_eclipse\predefined_projects\libs\uvm-1.2\src\tlm1\uvm_exports.svh ...
Done C:\dvt_eclipse\predefined_projects\libs\uvm-1.2\src\tlm1\uvm_exports.svh [5 ms, 260 lines, SystemVerilog_2012] ...
Loading (79) C:\dvt_eclipse\predefined_projects\libs\uvm-1.2\src\tlm1\uvm_analysis_port.svh ...
Done C:\dvt_eclipse\predefined_projects\libs\uvm-1.2\src\tlm1\uvm_analysis_port.svh [2 ms, 156 lines, SystemVerilog_2012] ...
Loading (80) C:\dvt_eclipse\predefined_projects\libs\uvm-1.2\src\tlm1\uvm_tlm_fifo_base.svh ...
Done C:\dvt_eclipse\predefined_projects\libs\uvm-1.2\src\tlm1\uvm_tlm_fifo_base.svh [2 ms, 253 lines, SystemVerilog_2012] ...
Loading (81) C:\dvt_eclipse\predefined_projects\libs\uvm-1.2\src\tlm1\uvm_tlm_fifos.svh ...
Done C:\dvt_eclipse\predefined_projects\libs\uvm-1.2\src\tlm1\uvm_tlm_fifos.svh [1 ms, 239 lines, SystemVerilog_2012] ...
Loading (82) C:\dvt_eclipse\predefined_projects\libs\uvm-1.2\src\tlm1\uvm_tlm_req_rsp.svh ...
Done C:\dvt_eclipse\predefined_projects\libs\uvm-1.2\src\tlm1\uvm_tlm_req_rsp.svh [52 ms, 349 lines, SystemVerilog_2012] ...
Loading (83) C:\dvt_eclipse\predefined_projects\libs\uvm-1.2\src\tlm1\uvm_sqr_connections.svh ...
Done C:\dvt_eclipse\predefined_projects\libs\uvm-1.2\src\tlm1\uvm_sqr_connections.svh [1 ms, 84 lines, SystemVerilog_2012] ...
Done C:\dvt_eclipse\predefined_projects\libs\uvm-1.2\src\tlm1\uvm_tlm.svh [0 ms, 40 lines, SystemVerilog_2012] ...
Loading (84) C:\dvt_eclipse\predefined_projects\libs\uvm-1.2\src\comps\uvm_comps.svh ...
Loading (85) C:\dvt_eclipse\predefined_projects\libs\uvm-1.2\src\comps\uvm_pair.svh ...
Done C:\dvt_eclipse\predefined_projects\libs\uvm-1.2\src\comps\uvm_pair.svh [2 ms, 171 lines, SystemVerilog_2012] ...
Loading (86) C:\dvt_eclipse\predefined_projects\libs\uvm-1.2\src\comps\uvm_policies.svh ...
Done C:\dvt_eclipse\predefined_projects\libs\uvm-1.2\src\comps\uvm_policies.svh [50 ms, 142 lines, SystemVerilog_2012] ...
Loading (87) C:\dvt_eclipse\predefined_projects\libs\uvm-1.2\src\comps\uvm_in_order_comparator.svh ...
Done C:\dvt_eclipse\predefined_projects\libs\uvm-1.2\src\comps\uvm_in_order_comparator.svh [1 ms, 260 lines, SystemVerilog_2012] ...
Loading (88) C:\dvt_eclipse\predefined_projects\libs\uvm-1.2\src\comps\uvm_algorithmic_comparator.svh ...
Done C:\dvt_eclipse\predefined_projects\libs\uvm-1.2\src\comps\uvm_algorithmic_comparator.svh [0 ms, 135 lines, SystemVerilog_2012] ...
Loading (89) C:\dvt_eclipse\predefined_projects\libs\uvm-1.2\src\comps\uvm_random_stimulus.svh ...
Done C:\dvt_eclipse\predefined_projects\libs\uvm-1.2\src\comps\uvm_random_stimulus.svh [1 ms, 132 lines, SystemVerilog_2012] ...
Loading (90) C:\dvt_eclipse\predefined_projects\libs\uvm-1.2\src\comps\uvm_subscriber.svh ...
Done C:\dvt_eclipse\predefined_projects\libs\uvm-1.2\src\comps\uvm_subscriber.svh [0 ms, 68 lines, SystemVerilog_2012] ...
Loading (91) C:\dvt_eclipse\predefined_projects\libs\uvm-1.2\src\comps\uvm_monitor.svh ...
Done C:\dvt_eclipse\predefined_projects\libs\uvm-1.2\src\comps\uvm_monitor.svh [0 ms, 54 lines, SystemVerilog_2012] ...
Loading (92) C:\dvt_eclipse\predefined_projects\libs\uvm-1.2\src\comps\uvm_driver.svh ...
Done C:\dvt_eclipse\predefined_projects\libs\uvm-1.2\src\comps\uvm_driver.svh [1 ms, 89 lines, SystemVerilog_2012] ...
Loading (93) C:\dvt_eclipse\predefined_projects\libs\uvm-1.2\src\comps\uvm_push_driver.svh ...
Done C:\dvt_eclipse\predefined_projects\libs\uvm-1.2\src\comps\uvm_push_driver.svh [53 ms, 97 lines, SystemVerilog_2012] ...
Loading (94) C:\dvt_eclipse\predefined_projects\libs\uvm-1.2\src\comps\uvm_scoreboard.svh ...
Done C:\dvt_eclipse\predefined_projects\libs\uvm-1.2\src\comps\uvm_scoreboard.svh [0 ms, 56 lines, SystemVerilog_2012] ...
Loading (95) C:\dvt_eclipse\predefined_projects\libs\uvm-1.2\src\comps\uvm_agent.svh ...
Done C:\dvt_eclipse\predefined_projects\libs\uvm-1.2\src\comps\uvm_agent.svh [2 ms, 136 lines, SystemVerilog_2012] ...
Loading (96) C:\dvt_eclipse\predefined_projects\libs\uvm-1.2\src\comps\uvm_env.svh ...
Done C:\dvt_eclipse\predefined_projects\libs\uvm-1.2\src\comps\uvm_env.svh [1 ms, 54 lines, SystemVerilog_2012] ...
Loading (97) C:\dvt_eclipse\predefined_projects\libs\uvm-1.2\src\comps\uvm_test.svh ...
Done C:\dvt_eclipse\predefined_projects\libs\uvm-1.2\src\comps\uvm_test.svh [0 ms, 82 lines, SystemVerilog_2012] ...
Done C:\dvt_eclipse\predefined_projects\libs\uvm-1.2\src\comps\uvm_comps.svh [0 ms, 37 lines, SystemVerilog_2012] ...
Loading (98) C:\dvt_eclipse\predefined_projects\libs\uvm-1.2\src\seq\uvm_seq.svh ...
Loading (99) C:\dvt_eclipse\predefined_projects\libs\uvm-1.2\src\seq\uvm_sequence_item.svh ...
Done C:\dvt_eclipse\predefined_projects\libs\uvm-1.2\src\seq\uvm_sequence_item.svh [6 ms, 498 lines, SystemVerilog_2012] ...
Loading (100) C:\dvt_eclipse\predefined_projects\libs\uvm-1.2\src\seq\uvm_sequencer_base.svh ...
Done C:\dvt_eclipse\predefined_projects\libs\uvm-1.2\src\seq\uvm_sequencer_base.svh [21 ms, 1775 lines, SystemVerilog_2012] ...
Loading (101) C:\dvt_eclipse\predefined_projects\libs\uvm-1.2\src\seq\uvm_sequencer_analysis_fifo.svh ...
Done C:\dvt_eclipse\predefined_projects\libs\uvm-1.2\src\seq\uvm_sequencer_analysis_fifo.svh [0 ms, 39 lines, SystemVerilog_2012] ...
Loading (102) C:\dvt_eclipse\predefined_projects\libs\uvm-1.2\src\seq\uvm_sequencer_param_base.svh ...
Done C:\dvt_eclipse\predefined_projects\libs\uvm-1.2\src\seq\uvm_sequencer_param_base.svh [2 ms, 460 lines, SystemVerilog_2012] ...
Loading (103) C:\dvt_eclipse\predefined_projects\libs\uvm-1.2\src\seq\uvm_sequencer.svh ...
Done C:\dvt_eclipse\predefined_projects\libs\uvm-1.2\src\seq\uvm_sequencer.svh [1 ms, 347 lines, SystemVerilog_2012] ...
Loading (104) C:\dvt_eclipse\predefined_projects\libs\uvm-1.2\src\seq\uvm_push_sequencer.svh ...
Done C:\dvt_eclipse\predefined_projects\libs\uvm-1.2\src\seq\uvm_push_sequencer.svh [0 ms, 85 lines, SystemVerilog_2012] ...
Loading (105) C:\dvt_eclipse\predefined_projects\libs\uvm-1.2\src\seq\uvm_sequence_base.svh ...
Done C:\dvt_eclipse\predefined_projects\libs\uvm-1.2\src\seq\uvm_sequence_base.svh [59 ms, 1405 lines, SystemVerilog_2012] ...
Loading (106) C:\dvt_eclipse\predefined_projects\libs\uvm-1.2\src\seq\uvm_sequence.svh ...
Done C:\dvt_eclipse\predefined_projects\libs\uvm-1.2\src\seq\uvm_sequence.svh [0 ms, 148 lines, SystemVerilog_2012] ...
Loading (107) C:\dvt_eclipse\predefined_projects\libs\uvm-1.2\src\seq\uvm_sequence_library.svh ...
Done C:\dvt_eclipse\predefined_projects\libs\uvm-1.2\src\seq\uvm_sequence_library.svh [7 ms, 813 lines, SystemVerilog_2012] ...
Loading (108) C:\dvt_eclipse\predefined_projects\libs\uvm-1.2\src\seq\uvm_sequence_builtin.svh ...
Done C:\dvt_eclipse\predefined_projects\libs\uvm-1.2\src\seq\uvm_sequence_builtin.svh [2 ms, 301 lines, SystemVerilog_2012] ...
Done C:\dvt_eclipse\predefined_projects\libs\uvm-1.2\src\seq\uvm_seq.svh [0 ms, 40 lines, SystemVerilog_2012] ...
Loading (109) C:\dvt_eclipse\predefined_projects\libs\uvm-1.2\src\tlm2\uvm_tlm2.svh ...
Loading (110) C:\dvt_eclipse\predefined_projects\libs\uvm-1.2\src\tlm2\uvm_tlm2_defines.svh ...
Done C:\dvt_eclipse\predefined_projects\libs\uvm-1.2\src\tlm2\uvm_tlm2_defines.svh [0 ms, 45 lines, SystemVerilog_2012] ...
Loading (111) C:\dvt_eclipse\predefined_projects\libs\uvm-1.2\src\tlm2\uvm_tlm2_time.svh ...
Done C:\dvt_eclipse\predefined_projects\libs\uvm-1.2\src\tlm2\uvm_tlm2_time.svh [1 ms, 333 lines, SystemVerilog_2012] ...
Loading (112) C:\dvt_eclipse\predefined_projects\libs\uvm-1.2\src\tlm2\uvm_tlm2_generic_payload.svh ...
Done C:\dvt_eclipse\predefined_projects\libs\uvm-1.2\src\tlm2\uvm_tlm2_generic_payload.svh [59 ms, 1053 lines, SystemVerilog_2012] ...
Loading (113) C:\dvt_eclipse\predefined_projects\libs\uvm-1.2\src\tlm2\uvm_tlm2_ifs.svh ...
Done C:\dvt_eclipse\predefined_projects\libs\uvm-1.2\src\tlm2\uvm_tlm2_ifs.svh [1 ms, 178 lines, SystemVerilog_2012] ...
Loading (114) C:\dvt_eclipse\predefined_projects\libs\uvm-1.2\src\tlm2\uvm_tlm2_imps.svh ...
Done C:\dvt_eclipse\predefined_projects\libs\uvm-1.2\src\tlm2\uvm_tlm2_imps.svh [2 ms, 203 lines, SystemVerilog_2012] ...
Loading (115) C:\dvt_eclipse\predefined_projects\libs\uvm-1.2\src\tlm2\uvm_tlm2_ports.svh ...
Done C:\dvt_eclipse\predefined_projects\libs\uvm-1.2\src\tlm2\uvm_tlm2_ports.svh [3 ms, 75 lines, SystemVerilog_2012] ...
Loading (116) C:\dvt_eclipse\predefined_projects\libs\uvm-1.2\src\tlm2\uvm_tlm2_exports.svh ...
Done C:\dvt_eclipse\predefined_projects\libs\uvm-1.2\src\tlm2\uvm_tlm2_exports.svh [1 ms, 65 lines, SystemVerilog_2012] ...
Loading (117) C:\dvt_eclipse\predefined_projects\libs\uvm-1.2\src\tlm2\uvm_tlm2_sockets_base.svh ...
Done C:\dvt_eclipse\predefined_projects\libs\uvm-1.2\src\tlm2\uvm_tlm2_sockets_base.svh [4 ms, 195 lines, SystemVerilog_2012] ...
Loading (118) C:\dvt_eclipse\predefined_projects\libs\uvm-1.2\src\tlm2\uvm_tlm2_sockets.svh ...
Done C:\dvt_eclipse\predefined_projects\libs\uvm-1.2\src\tlm2\uvm_tlm2_sockets.svh [3 ms, 435 lines, SystemVerilog_2012] ...
Done C:\dvt_eclipse\predefined_projects\libs\uvm-1.2\src\tlm2\uvm_tlm2.svh [0 ms, 30 lines, SystemVerilog_2012] ...
Loading (119) C:\dvt_eclipse\predefined_projects\libs\uvm-1.2\src\reg\uvm_reg_model.svh ...
Loading (120) C:\dvt_eclipse\predefined_projects\libs\uvm-1.2\src\reg\uvm_reg_item.svh ...
Done C:\dvt_eclipse\predefined_projects\libs\uvm-1.2\src\reg\uvm_reg_item.svh [55 ms, 316 lines, SystemVerilog_2012] ...
Loading (121) C:\dvt_eclipse\predefined_projects\libs\uvm-1.2\src\reg\uvm_reg_adapter.svh ...
Done C:\dvt_eclipse\predefined_projects\libs\uvm-1.2\src\reg\uvm_reg_adapter.svh [1 ms, 254 lines, SystemVerilog_2012] ...
Loading (122) C:\dvt_eclipse\predefined_projects\libs\uvm-1.2\src\reg\uvm_reg_predictor.svh ...
Done C:\dvt_eclipse\predefined_projects\libs\uvm-1.2\src\reg\uvm_reg_predictor.svh [2 ms, 265 lines, SystemVerilog_2012] ...
Loading (123) C:\dvt_eclipse\predefined_projects\libs\uvm-1.2\src\reg\uvm_reg_sequence.svh ...
Done C:\dvt_eclipse\predefined_projects\libs\uvm-1.2\src\reg\uvm_reg_sequence.svh [3 ms, 548 lines, SystemVerilog_2012] ...
Loading (124) C:\dvt_eclipse\predefined_projects\libs\uvm-1.2\src\reg\uvm_reg_cbs.svh ...
Done C:\dvt_eclipse\predefined_projects\libs\uvm-1.2\src\reg\uvm_reg_cbs.svh [1 ms, 530 lines, SystemVerilog_2012] ...
Loading (125) C:\dvt_eclipse\predefined_projects\libs\uvm-1.2\src\reg\uvm_reg_backdoor.svh ...
Done C:\dvt_eclipse\predefined_projects\libs\uvm-1.2\src\reg\uvm_reg_backdoor.svh [1 ms, 348 lines, SystemVerilog_2012] ...
Loading (126) C:\dvt_eclipse\predefined_projects\libs\uvm-1.2\src\reg\uvm_reg_field.svh ...
Done C:\dvt_eclipse\predefined_projects\libs\uvm-1.2\src\reg\uvm_reg_field.svh [51 ms, 2013 lines, SystemVerilog_2012] ...
Loading (127) C:\dvt_eclipse\predefined_projects\libs\uvm-1.2\src\reg\uvm_vreg_field.svh ...
Done C:\dvt_eclipse\predefined_projects\libs\uvm-1.2\src\reg\uvm_vreg_field.svh [6 ms, 1005 lines, SystemVerilog_2012] ...
Loading (128) C:\dvt_eclipse\predefined_projects\libs\uvm-1.2\src\reg\uvm_reg.svh ...
Done C:\dvt_eclipse\predefined_projects\libs\uvm-1.2\src\reg\uvm_reg.svh [13 ms, 3102 lines, SystemVerilog_2012] ...
Loading (129) C:\dvt_eclipse\predefined_projects\libs\uvm-1.2\src\reg\uvm_reg_indirect.svh ...
Done C:\dvt_eclipse\predefined_projects\libs\uvm-1.2\src\reg\uvm_reg_indirect.svh [2 ms, 330 lines, SystemVerilog_2012] ...
Loading (130) C:\dvt_eclipse\predefined_projects\libs\uvm-1.2\src\reg\uvm_reg_fifo.svh ...
Done C:\dvt_eclipse\predefined_projects\libs\uvm-1.2\src\reg\uvm_reg_fifo.svh [1 ms, 311 lines, SystemVerilog_2012] ...
Loading (131) C:\dvt_eclipse\predefined_projects\libs\uvm-1.2\src\reg\uvm_reg_file.svh ...
Done C:\dvt_eclipse\predefined_projects\libs\uvm-1.2\src\reg\uvm_reg_file.svh [46 ms, 501 lines, SystemVerilog_2012] ...
Loading (132) C:\dvt_eclipse\predefined_projects\libs\uvm-1.2\src\reg\uvm_mem_mam.svh ...
Done C:\dvt_eclipse\predefined_projects\libs\uvm-1.2\src\reg\uvm_mem_mam.svh [4 ms, 1019 lines, SystemVerilog_2012] ...
Loading (133) C:\dvt_eclipse\predefined_projects\libs\uvm-1.2\src\reg\uvm_vreg.svh ...
Done C:\dvt_eclipse\predefined_projects\libs\uvm-1.2\src\reg\uvm_vreg.svh [10 ms, 1554 lines, SystemVerilog_2012] ...
Loading (134) C:\dvt_eclipse\predefined_projects\libs\uvm-1.2\src\reg\uvm_mem.svh ...
Done C:\dvt_eclipse\predefined_projects\libs\uvm-1.2\src\reg\uvm_mem.svh [10 ms, 2410 lines, SystemVerilog_2012] ...
Loading (135) C:\dvt_eclipse\predefined_projects\libs\uvm-1.2\src\reg\uvm_reg_map.svh ...
Done C:\dvt_eclipse\predefined_projects\libs\uvm-1.2\src\reg\uvm_reg_map.svh [11 ms, 2225 lines, SystemVerilog_2012] ...
Loading (136) C:\dvt_eclipse\predefined_projects\libs\uvm-1.2\src\reg\uvm_reg_block.svh ...
Done C:\dvt_eclipse\predefined_projects\libs\uvm-1.2\src\reg\uvm_reg_block.svh [7 ms, 2272 lines, SystemVerilog_2012] ...
Loading (137) C:\dvt_eclipse\predefined_projects\libs\uvm-1.2\src\reg\sequences\uvm_reg_hw_reset_seq.svh ...
Done C:\dvt_eclipse\predefined_projects\libs\uvm-1.2\src\reg\sequences\uvm_reg_hw_reset_seq.svh [53 ms, 172 lines, SystemVerilog_2012] ...
Loading (138) C:\dvt_eclipse\predefined_projects\libs\uvm-1.2\src\reg\sequences\uvm_reg_bit_bash_seq.svh ...
Done C:\dvt_eclipse\predefined_projects\libs\uvm-1.2\src\reg\sequences\uvm_reg_bit_bash_seq.svh [2 ms, 303 lines, SystemVerilog_2012] ...
Loading (139) C:\dvt_eclipse\predefined_projects\libs\uvm-1.2\src\reg\sequences\uvm_mem_walk_seq.svh ...
Done C:\dvt_eclipse\predefined_projects\libs\uvm-1.2\src\reg\sequences\uvm_mem_walk_seq.svh [2 ms, 300 lines, SystemVerilog_2012] ...
Loading (140) C:\dvt_eclipse\predefined_projects\libs\uvm-1.2\src\reg\sequences\uvm_mem_access_seq.svh ...
Done C:\dvt_eclipse\predefined_projects\libs\uvm-1.2\src\reg\sequences\uvm_mem_access_seq.svh [2 ms, 308 lines, SystemVerilog_2012] ...
Loading (141) C:\dvt_eclipse\predefined_projects\libs\uvm-1.2\src\reg\sequences\uvm_reg_access_seq.svh ...
Done C:\dvt_eclipse\predefined_projects\libs\uvm-1.2\src\reg\sequences\uvm_reg_access_seq.svh [2 ms, 366 lines, SystemVerilog_2012] ...
Loading (142) C:\dvt_eclipse\predefined_projects\libs\uvm-1.2\src\reg\sequences\uvm_reg_mem_shared_access_seq.svh ...
Done C:\dvt_eclipse\predefined_projects\libs\uvm-1.2\src\reg\sequences\uvm_reg_mem_shared_access_seq.svh [4 ms, 486 lines, SystemVerilog_2012] ...
Loading (143) C:\dvt_eclipse\predefined_projects\libs\uvm-1.2\src\reg\sequences\uvm_reg_mem_built_in_seq.svh ...
Done C:\dvt_eclipse\predefined_projects\libs\uvm-1.2\src\reg\sequences\uvm_reg_mem_built_in_seq.svh [1 ms, 139 lines, SystemVerilog_2012] ...
Loading (144) C:\dvt_eclipse\predefined_projects\libs\uvm-1.2\src\reg\sequences\uvm_reg_mem_hdl_paths_seq.svh ...
Done C:\dvt_eclipse\predefined_projects\libs\uvm-1.2\src\reg\sequences\uvm_reg_mem_hdl_paths_seq.svh [53 ms, 175 lines, SystemVerilog_2012] ...
Done C:\dvt_eclipse\predefined_projects\libs\uvm-1.2\src\reg\uvm_reg_model.svh [0 ms, 444 lines, SystemVerilog_2012] ...
Done C:\dvt_eclipse\predefined_projects\libs\uvm-1.2\src\uvm_pkg.sv [0 ms, 43 lines, SystemVerilog_2012] ...
Loading (145) C:\Users\ADMIN\Desktop\V2_pro\virtual_project\rkv_v2pro_i2c_RKV_I2C_TB_05\rkv_dw_apb_i2c\src\rkv_DW_apb_i2c_cc_constants.v ...
Done C:\Users\ADMIN\Desktop\V2_pro\virtual_project\rkv_v2pro_i2c_RKV_I2C_TB_05\rkv_dw_apb_i2c\src\rkv_DW_apb_i2c_cc_constants.v [0 ms, 1602 lines, Verilog_2001] ...
Loading (146) C:\Users\ADMIN\Desktop\V2_pro\virtual_project\rkv_v2pro_i2c_RKV_I2C_TB_05\rkv_dw_apb_i2c\src\rkv_DW_apb_i2c_bcm_params.v ...
Done C:\Users\ADMIN\Desktop\V2_pro\virtual_project\rkv_v2pro_i2c_RKV_I2C_TB_05\rkv_dw_apb_i2c\src\rkv_DW_apb_i2c_bcm_params.v [0 ms, 359 lines, Verilog_2001] ...
Loading (147) C:\Users\ADMIN\Desktop\V2_pro\virtual_project\rkv_v2pro_i2c_RKV_I2C_TB_05\rkv_dw_apb_i2c\src\rkv_DW_apb_i2c_bcm57.v ...
Done C:\Users\ADMIN\Desktop\V2_pro\virtual_project\rkv_v2pro_i2c_RKV_I2C_TB_05\rkv_dw_apb_i2c\src\rkv_DW_apb_i2c_bcm57.v [3 ms, 148 lines, Verilog_2001] ...
Loading (148) C:\Users\ADMIN\Desktop\V2_pro\virtual_project\rkv_v2pro_i2c_RKV_I2C_TB_05\rkv_dw_apb_i2c\src\rkv_DW_apb_i2c_bcm21.v ...
Done C:\Users\ADMIN\Desktop\V2_pro\virtual_project\rkv_v2pro_i2c_RKV_I2C_TB_05\rkv_dw_apb_i2c\src\rkv_DW_apb_i2c_bcm21.v [1 ms, 743 lines, Verilog_2001] ...
Loading (149) C:\Users\ADMIN\Desktop\V2_pro\virtual_project\rkv_v2pro_i2c_RKV_I2C_TB_05\rkv_dw_apb_i2c\src\rkv_DW_apb_i2c_bcm41.v ...
Done C:\Users\ADMIN\Desktop\V2_pro\virtual_project\rkv_v2pro_i2c_RKV_I2C_TB_05\rkv_dw_apb_i2c\src\rkv_DW_apb_i2c_bcm41.v [1 ms, 78 lines, Verilog_2001] ...
Loading (150) C:\Users\ADMIN\Desktop\V2_pro\virtual_project\rkv_v2pro_i2c_RKV_I2C_TB_05\rkv_dw_apb_i2c\src\rkv_DW_apb_i2c_bcm47.v ...
Done C:\Users\ADMIN\Desktop\V2_pro\virtual_project\rkv_v2pro_i2c_RKV_I2C_TB_05\rkv_dw_apb_i2c\src\rkv_DW_apb_i2c_bcm47.v [60 ms, 421 lines, Verilog_2001] ...
Loading (151) C:\Users\ADMIN\Desktop\V2_pro\virtual_project\rkv_v2pro_i2c_RKV_I2C_TB_05\rkv_dw_apb_i2c\src\rkv_DW_apb_i2c_bcm06.v ...
Done C:\Users\ADMIN\Desktop\V2_pro\virtual_project\rkv_v2pro_i2c_RKV_I2C_TB_05\rkv_dw_apb_i2c\src\rkv_DW_apb_i2c_bcm06.v [2 ms, 253 lines, Verilog_2001] ...
Loading (152) C:\Users\ADMIN\Desktop\V2_pro\virtual_project\rkv_v2pro_i2c_RKV_I2C_TB_05\rkv_dw_apb_i2c\src\rkv_DW_apb_i2c_bcm05.v ...
Done C:\Users\ADMIN\Desktop\V2_pro\virtual_project\rkv_v2pro_i2c_RKV_I2C_TB_05\rkv_dw_apb_i2c\src\rkv_DW_apb_i2c_bcm05.v [4 ms, 396 lines, Verilog_2001] ...
Loading (153) C:\Users\ADMIN\Desktop\V2_pro\virtual_project\rkv_v2pro_i2c_RKV_I2C_TB_05\rkv_dw_apb_i2c\src\rkv_DW_apb_i2c_bcm07.v ...
Done C:\Users\ADMIN\Desktop\V2_pro\virtual_project\rkv_v2pro_i2c_RKV_I2C_TB_05\rkv_dw_apb_i2c\src\rkv_DW_apb_i2c_bcm07.v [5 ms, 280 lines, Verilog_2001] ...
Loading (154) C:\Users\ADMIN\Desktop\V2_pro\virtual_project\rkv_v2pro_i2c_RKV_I2C_TB_05\rkv_dw_apb_i2c\src\rkv_DW_apb_i2c_regs.v ...
Done C:\Users\ADMIN\Desktop\V2_pro\virtual_project\rkv_v2pro_i2c_RKV_I2C_TB_05\rkv_dw_apb_i2c\src\rkv_DW_apb_i2c_regs.v [1 ms, 68 lines, Verilog_2001] ...
Loading (155) C:\Users\ADMIN\Desktop\V2_pro\virtual_project\rkv_v2pro_i2c_RKV_I2C_TB_05\rkv_dw_apb_i2c\src\rkv_DW_apb_i2c_tog.v ...
Done C:\Users\ADMIN\Desktop\V2_pro\virtual_project\rkv_v2pro_i2c_RKV_I2C_TB_05\rkv_dw_apb_i2c\src\rkv_DW_apb_i2c_tog.v [55 ms, 64 lines, Verilog_2001] ...
Loading (156) C:\Users\ADMIN\Desktop\V2_pro\virtual_project\rkv_v2pro_i2c_RKV_I2C_TB_05\rkv_dw_apb_i2c\src\rkv_DW_apb_i2c_bcm99.v ...
Done C:\Users\ADMIN\Desktop\V2_pro\virtual_project\rkv_v2pro_i2c_RKV_I2C_TB_05\rkv_dw_apb_i2c\src\rkv_DW_apb_i2c_bcm99.v [0 ms, 254 lines, Verilog_2001] ...
Loading (157) C:\Users\ADMIN\Desktop\V2_pro\virtual_project\rkv_v2pro_i2c_RKV_I2C_TB_05\rkv_dw_apb_i2c\src\rkv_DW_apb_i2c_biu.v ...
Done C:\Users\ADMIN\Desktop\V2_pro\virtual_project\rkv_v2pro_i2c_RKV_I2C_TB_05\rkv_dw_apb_i2c\src\rkv_DW_apb_i2c_biu.v [1 ms, 189 lines, Verilog_2001] ...
Loading (158) C:\Users\ADMIN\Desktop\V2_pro\virtual_project\rkv_v2pro_i2c_RKV_I2C_TB_05\rkv_dw_apb_i2c\src\rkv_DW_apb_i2c_regfile.v ...
Done C:\Users\ADMIN\Desktop\V2_pro\virtual_project\rkv_v2pro_i2c_RKV_I2C_TB_05\rkv_dw_apb_i2c\src\rkv_DW_apb_i2c_regfile.v [11 ms, 1593 lines, Verilog_2001] ...
Loading (159) C:\Users\ADMIN\Desktop\V2_pro\virtual_project\rkv_v2pro_i2c_RKV_I2C_TB_05\rkv_dw_apb_i2c\src\rkv_DW_apb_i2c_fifo.v ...
Done C:\Users\ADMIN\Desktop\V2_pro\virtual_project\rkv_v2pro_i2c_RKV_I2C_TB_05\rkv_dw_apb_i2c\src\rkv_DW_apb_i2c_fifo.v [56 ms, 376 lines, Verilog_2001] ...
Loading (160) C:\Users\ADMIN\Desktop\V2_pro\virtual_project\rkv_v2pro_i2c_RKV_I2C_TB_05\rkv_dw_apb_i2c\src\rkv_DW_apb_i2c_async_fifo.v ...
Done C:\Users\ADMIN\Desktop\V2_pro\virtual_project\rkv_v2pro_i2c_RKV_I2C_TB_05\rkv_dw_apb_i2c\src\rkv_DW_apb_i2c_async_fifo.v [8 ms, 600 lines, Verilog_2001] ...
Loading (161) C:\Users\ADMIN\Desktop\V2_pro\virtual_project\rkv_v2pro_i2c_RKV_I2C_TB_05\rkv_dw_apb_i2c\src\rkv_DW_apb_i2c_intctl.v ...
Done C:\Users\ADMIN\Desktop\V2_pro\virtual_project\rkv_v2pro_i2c_RKV_I2C_TB_05\rkv_dw_apb_i2c\src\rkv_DW_apb_i2c_intctl.v [8 ms, 940 lines, Verilog_2001] ...
Loading (162) C:\Users\ADMIN\Desktop\V2_pro\virtual_project\rkv_v2pro_i2c_RKV_I2C_TB_05\rkv_dw_apb_i2c\src\rkv_DW_apb_i2c_rx_filter.v ...
Done C:\Users\ADMIN\Desktop\V2_pro\virtual_project\rkv_v2pro_i2c_RKV_I2C_TB_05\rkv_dw_apb_i2c\src\rkv_DW_apb_i2c_rx_filter.v [5 ms, 887 lines, Verilog_2001] ...
Loading (163) C:\Users\ADMIN\Desktop\V2_pro\virtual_project\rkv_v2pro_i2c_RKV_I2C_TB_05\rkv_dw_apb_i2c\src\rkv_DW_apb_i2c_clk_gen.v ...
Done C:\Users\ADMIN\Desktop\V2_pro\virtual_project\rkv_v2pro_i2c_RKV_I2C_TB_05\rkv_dw_apb_i2c\src\rkv_DW_apb_i2c_clk_gen.v [2 ms, 579 lines, Verilog_2001] ...
Loading (164) C:\Users\ADMIN\Desktop\V2_pro\virtual_project\rkv_v2pro_i2c_RKV_I2C_TB_05\rkv_dw_apb_i2c\src\rkv_DW_apb_i2c_mstfsm.v ...
Done C:\Users\ADMIN\Desktop\V2_pro\virtual_project\rkv_v2pro_i2c_RKV_I2C_TB_05\rkv_dw_apb_i2c\src\rkv_DW_apb_i2c_mstfsm.v [4 ms, 1592 lines, Verilog_2001] ...
Loading (165) C:\Users\ADMIN\Desktop\V2_pro\virtual_project\rkv_v2pro_i2c_RKV_I2C_TB_05\rkv_dw_apb_i2c\src\rkv_DW_apb_i2c_sync.v ...
Done C:\Users\ADMIN\Desktop\V2_pro\virtual_project\rkv_v2pro_i2c_RKV_I2C_TB_05\rkv_dw_apb_i2c\src\rkv_DW_apb_i2c_sync.v [3 ms, 489 lines, Verilog_2001] ...
Loading (166) C:\Users\ADMIN\Desktop\V2_pro\virtual_project\rkv_v2pro_i2c_RKV_I2C_TB_05\rkv_dw_apb_i2c\src\rkv_DW_apb_i2c_slvfsm.v ...
Done C:\Users\ADMIN\Desktop\V2_pro\virtual_project\rkv_v2pro_i2c_RKV_I2C_TB_05\rkv_dw_apb_i2c\src\rkv_DW_apb_i2c_slvfsm.v [4 ms, 891 lines, Verilog_2001] ...
Loading (167) C:\Users\ADMIN\Desktop\V2_pro\virtual_project\rkv_v2pro_i2c_RKV_I2C_TB_05\rkv_dw_apb_i2c\src\rkv_DW_apb_i2c_tx_shift.v ...
Done C:\Users\ADMIN\Desktop\V2_pro\virtual_project\rkv_v2pro_i2c_RKV_I2C_TB_05\rkv_dw_apb_i2c\src\rkv_DW_apb_i2c_tx_shift.v [57 ms, 1250 lines, Verilog_2001] ...
Loading (168) C:\Users\ADMIN\Desktop\V2_pro\virtual_project\rkv_v2pro_i2c_RKV_I2C_TB_05\rkv_dw_apb_i2c\src\rkv_DW_apb_i2c_rx_shift.v ...
Done C:\Users\ADMIN\Desktop\V2_pro\virtual_project\rkv_v2pro_i2c_RKV_I2C_TB_05\rkv_dw_apb_i2c\src\rkv_DW_apb_i2c_rx_shift.v [3 ms, 671 lines, Verilog_2001] ...
Loading (169) C:\Users\ADMIN\Desktop\V2_pro\virtual_project\rkv_v2pro_i2c_RKV_I2C_TB_05\rkv_dw_apb_i2c\src\rkv_DW_apb_i2c_toggle.v ...
Done C:\Users\ADMIN\Desktop\V2_pro\virtual_project\rkv_v2pro_i2c_RKV_I2C_TB_05\rkv_dw_apb_i2c\src\rkv_DW_apb_i2c_toggle.v [4 ms, 870 lines, Verilog_2001] ...
Loading (170) C:\Users\ADMIN\Desktop\V2_pro\virtual_project\rkv_v2pro_i2c_RKV_I2C_TB_05\rkv_dw_apb_i2c\src\rkv_DW_apb_i2c_dma.v ...
Done C:\Users\ADMIN\Desktop\V2_pro\virtual_project\rkv_v2pro_i2c_RKV_I2C_TB_05\rkv_dw_apb_i2c\src\rkv_DW_apb_i2c_dma.v [1 ms, 203 lines, Verilog_2001] ...
Loading (171) C:\Users\ADMIN\Desktop\V2_pro\virtual_project\rkv_v2pro_i2c_RKV_I2C_TB_05\rkv_dw_apb_i2c\src\rkv_DW_apb_i2c.v ...
Done C:\Users\ADMIN\Desktop\V2_pro\virtual_project\rkv_v2pro_i2c_RKV_I2C_TB_05\rkv_dw_apb_i2c\src\rkv_DW_apb_i2c.v [4 ms, 1331 lines, Verilog_2001] ...
Loading (172) C:\Users\ADMIN\Desktop\V2_pro\virtual_project\rkv_v2pro_i2c_RKV_I2C_TB_05\rkv_dw_apb_i2c\src\rkv_DW_apb_i2c-undef.v ...
Done C:\Users\ADMIN\Desktop\V2_pro\virtual_project\rkv_v2pro_i2c_RKV_I2C_TB_05\rkv_dw_apb_i2c\src\rkv_DW_apb_i2c-undef.v [0 ms, 373 lines, Verilog_2001] ...
Loading (173) C:\Users\ADMIN\Desktop\V2_pro\virtual_project\rkv_v2pro_i2c_RKV_I2C_TB_05\rkv_i2c_tb\agents\lvc_apb3\lvc_apb_if.sv ...
Skip (optimized) C:\dvt_eclipse\predefined_projects\libs\uvm-1.2\src\uvm_macros.svh ...
Done C:\Users\ADMIN\Desktop\V2_pro\virtual_project\rkv_v2pro_i2c_RKV_I2C_TB_05\rkv_i2c_tb\agents\lvc_apb3\lvc_apb_if.sv [56 ms, 213 lines, SystemVerilog_2012] ...
Loading (174) C:\Users\ADMIN\Desktop\V2_pro\virtual_project\rkv_v2pro_i2c_RKV_I2C_TB_05\rkv_i2c_tb\agents\lvc_apb3\lvc_apb_pkg.sv ...
Skip (optimized) C:\dvt_eclipse\predefined_projects\libs\uvm-1.2\src\uvm_macros.svh ...
Loading (175) C:\Users\ADMIN\Desktop\V2_pro\virtual_project\rkv_v2pro_i2c_RKV_I2C_TB_05\rkv_i2c_tb\agents\lvc_apb3\lvc_apb.svh ...
Loading (176) C:\Users\ADMIN\Desktop\V2_pro\virtual_project\rkv_v2pro_i2c_RKV_I2C_TB_05\rkv_i2c_tb\agents\lvc_apb3\lvc_apb_transfer.sv ...
Done C:\Users\ADMIN\Desktop\V2_pro\virtual_project\rkv_v2pro_i2c_RKV_I2C_TB_05\rkv_i2c_tb\agents\lvc_apb3\lvc_apb_transfer.sv [4 ms, 67 lines, SystemVerilog_2012] ...
Loading (177) C:\Users\ADMIN\Desktop\V2_pro\virtual_project\rkv_v2pro_i2c_RKV_I2C_TB_05\rkv_i2c_tb\agents\lvc_apb3\lvc_apb_config.sv ...
Done C:\Users\ADMIN\Desktop\V2_pro\virtual_project\rkv_v2pro_i2c_RKV_I2C_TB_05\rkv_i2c_tb\agents\lvc_apb3\lvc_apb_config.sv [1 ms, 58 lines, SystemVerilog_2012] ...
Loading (178) C:\Users\ADMIN\Desktop\V2_pro\virtual_project\rkv_v2pro_i2c_RKV_I2C_TB_05\rkv_i2c_tb\agents\lvc_apb3\lvc_apb_master_driver.svh ...
Done C:\Users\ADMIN\Desktop\V2_pro\virtual_project\rkv_v2pro_i2c_RKV_I2C_TB_05\rkv_i2c_tb\agents\lvc_apb3\lvc_apb_master_driver.svh [1 ms, 73 lines, SystemVerilog_2012] ...
Loading (179) C:\Users\ADMIN\Desktop\V2_pro\virtual_project\rkv_v2pro_i2c_RKV_I2C_TB_05\rkv_i2c_tb\agents\lvc_apb3\lvc_apb_master_monitor.svh ...
Done C:\Users\ADMIN\Desktop\V2_pro\virtual_project\rkv_v2pro_i2c_RKV_I2C_TB_05\rkv_i2c_tb\agents\lvc_apb3\lvc_apb_master_monitor.svh [54 ms, 96 lines, SystemVerilog_2012] ...
Loading (180) C:\Users\ADMIN\Desktop\V2_pro\virtual_project\rkv_v2pro_i2c_RKV_I2C_TB_05\rkv_i2c_tb\agents\lvc_apb3\lvc_apb_master_sequencer.svh ...
Done C:\Users\ADMIN\Desktop\V2_pro\virtual_project\rkv_v2pro_i2c_RKV_I2C_TB_05\rkv_i2c_tb\agents\lvc_apb3\lvc_apb_master_sequencer.svh [0 ms, 51 lines, SystemVerilog_2012] ...
Loading (181) C:\Users\ADMIN\Desktop\V2_pro\virtual_project\rkv_v2pro_i2c_RKV_I2C_TB_05\rkv_i2c_tb\agents\lvc_apb3\lvc_apb_master_agent.svh ...
Done C:\Users\ADMIN\Desktop\V2_pro\virtual_project\rkv_v2pro_i2c_RKV_I2C_TB_05\rkv_i2c_tb\agents\lvc_apb3\lvc_apb_master_agent.svh [0 ms, 67 lines, SystemVerilog_2012] ...
Loading (182) C:\Users\ADMIN\Desktop\V2_pro\virtual_project\rkv_v2pro_i2c_RKV_I2C_TB_05\rkv_i2c_tb\agents\lvc_apb3\lvc_apb_slave_driver.svh ...
Done C:\Users\ADMIN\Desktop\V2_pro\virtual_project\rkv_v2pro_i2c_RKV_I2C_TB_05\rkv_i2c_tb\agents\lvc_apb3\lvc_apb_slave_driver.svh [0 ms, 74 lines, SystemVerilog_2012] ...
Loading (183) C:\Users\ADMIN\Desktop\V2_pro\virtual_project\rkv_v2pro_i2c_RKV_I2C_TB_05\rkv_i2c_tb\agents\lvc_apb3\lvc_apb_slave_monitor.svh ...
Done C:\Users\ADMIN\Desktop\V2_pro\virtual_project\rkv_v2pro_i2c_RKV_I2C_TB_05\rkv_i2c_tb\agents\lvc_apb3\lvc_apb_slave_monitor.svh [1 ms, 98 lines, SystemVerilog_2012] ...
Loading (184) C:\Users\ADMIN\Desktop\V2_pro\virtual_project\rkv_v2pro_i2c_RKV_I2C_TB_05\rkv_i2c_tb\agents\lvc_apb3\lvc_apb_slave_sequencer.svh ...
Done C:\Users\ADMIN\Desktop\V2_pro\virtual_project\rkv_v2pro_i2c_RKV_I2C_TB_05\rkv_i2c_tb\agents\lvc_apb3\lvc_apb_slave_sequencer.svh [1 ms, 51 lines, SystemVerilog_2012] ...
Loading (185) C:\Users\ADMIN\Desktop\V2_pro\virtual_project\rkv_v2pro_i2c_RKV_I2C_TB_05\rkv_i2c_tb\agents\lvc_apb3\lvc_apb_slave_agent.svh ...
Done C:\Users\ADMIN\Desktop\V2_pro\virtual_project\rkv_v2pro_i2c_RKV_I2C_TB_05\rkv_i2c_tb\agents\lvc_apb3\lvc_apb_slave_agent.svh [54 ms, 67 lines, SystemVerilog_2012] ...
Loading (186) C:\Users\ADMIN\Desktop\V2_pro\virtual_project\rkv_v2pro_i2c_RKV_I2C_TB_05\rkv_i2c_tb\agents\lvc_apb3\lvc_apb_master_driver.sv ...
Done C:\Users\ADMIN\Desktop\V2_pro\virtual_project\rkv_v2pro_i2c_RKV_I2C_TB_05\rkv_i2c_tb\agents\lvc_apb3\lvc_apb_master_driver.sv [1 ms, 130 lines, SystemVerilog_2012] ...
Loading (187) C:\Users\ADMIN\Desktop\V2_pro\virtual_project\rkv_v2pro_i2c_RKV_I2C_TB_05\rkv_i2c_tb\agents\lvc_apb3\lvc_apb_master_monitor.sv ...
Done C:\Users\ADMIN\Desktop\V2_pro\virtual_project\rkv_v2pro_i2c_RKV_I2C_TB_05\rkv_i2c_tb\agents\lvc_apb3\lvc_apb_master_monitor.sv [0 ms, 94 lines, SystemVerilog_2012] ...
Loading (188) C:\Users\ADMIN\Desktop\V2_pro\virtual_project\rkv_v2pro_i2c_RKV_I2C_TB_05\rkv_i2c_tb\agents\lvc_apb3\lvc_apb_master_sequencer.sv ...
Done C:\Users\ADMIN\Desktop\V2_pro\virtual_project\rkv_v2pro_i2c_RKV_I2C_TB_05\rkv_i2c_tb\agents\lvc_apb3\lvc_apb_master_sequencer.sv [1 ms, 27 lines, SystemVerilog_2012] ...
Loading (189) C:\Users\ADMIN\Desktop\V2_pro\virtual_project\rkv_v2pro_i2c_RKV_I2C_TB_05\rkv_i2c_tb\agents\lvc_apb3\lvc_apb_master_agent.sv ...
Done C:\Users\ADMIN\Desktop\V2_pro\virtual_project\rkv_v2pro_i2c_RKV_I2C_TB_05\rkv_i2c_tb\agents\lvc_apb3\lvc_apb_master_agent.sv [0 ms, 67 lines, SystemVerilog_2012] ...
Loading (190) C:\Users\ADMIN\Desktop\V2_pro\virtual_project\rkv_v2pro_i2c_RKV_I2C_TB_05\rkv_i2c_tb\agents\lvc_apb3\lvc_apb_master_seq_lib.sv ...
Done C:\Users\ADMIN\Desktop\V2_pro\virtual_project\rkv_v2pro_i2c_RKV_I2C_TB_05\rkv_i2c_tb\agents\lvc_apb3\lvc_apb_master_seq_lib.sv [55 ms, 174 lines, SystemVerilog_2012] ...
Loading (191) C:\Users\ADMIN\Desktop\V2_pro\virtual_project\rkv_v2pro_i2c_RKV_I2C_TB_05\rkv_i2c_tb\agents\lvc_apb3\lvc_apb_slave_driver.sv ...
Done C:\Users\ADMIN\Desktop\V2_pro\virtual_project\rkv_v2pro_i2c_RKV_I2C_TB_05\rkv_i2c_tb\agents\lvc_apb3\lvc_apb_slave_driver.sv [1 ms, 139 lines, SystemVerilog_2012] ...
Loading (192) C:\Users\ADMIN\Desktop\V2_pro\virtual_project\rkv_v2pro_i2c_RKV_I2C_TB_05\rkv_i2c_tb\agents\lvc_apb3\lvc_apb_slave_monitor.sv ...
Done C:\Users\ADMIN\Desktop\V2_pro\virtual_project\rkv_v2pro_i2c_RKV_I2C_TB_05\rkv_i2c_tb\agents\lvc_apb3\lvc_apb_slave_monitor.sv [1 ms, 97 lines, SystemVerilog_2012] ...
Loading (193) C:\Users\ADMIN\Desktop\V2_pro\virtual_project\rkv_v2pro_i2c_RKV_I2C_TB_05\rkv_i2c_tb\agents\lvc_apb3\lvc_apb_slave_sequencer.sv ...
Done C:\Users\ADMIN\Desktop\V2_pro\virtual_project\rkv_v2pro_i2c_RKV_I2C_TB_05\rkv_i2c_tb\agents\lvc_apb3\lvc_apb_slave_sequencer.sv [0 ms, 27 lines, SystemVerilog_2012] ...
Loading (194) C:\Users\ADMIN\Desktop\V2_pro\virtual_project\rkv_v2pro_i2c_RKV_I2C_TB_05\rkv_i2c_tb\agents\lvc_apb3\lvc_apb_slave_agent.sv ...
Done C:\Users\ADMIN\Desktop\V2_pro\virtual_project\rkv_v2pro_i2c_RKV_I2C_TB_05\rkv_i2c_tb\agents\lvc_apb3\lvc_apb_slave_agent.sv [0 ms, 63 lines, SystemVerilog_2012] ...
Loading (195) C:\Users\ADMIN\Desktop\V2_pro\virtual_project\rkv_v2pro_i2c_RKV_I2C_TB_05\rkv_i2c_tb\agents\lvc_apb3\lvc_apb_slave_seq_lib.sv ...
Done C:\Users\ADMIN\Desktop\V2_pro\virtual_project\rkv_v2pro_i2c_RKV_I2C_TB_05\rkv_i2c_tb\agents\lvc_apb3\lvc_apb_slave_seq_lib.sv [1 ms, 45 lines, SystemVerilog_2012] ...
Loading (196) C:\Users\ADMIN\Desktop\V2_pro\virtual_project\rkv_v2pro_i2c_RKV_I2C_TB_05\rkv_i2c_tb\agents\lvc_apb3\lvc_apb_reg_adapter.sv ...
Done C:\Users\ADMIN\Desktop\V2_pro\virtual_project\rkv_v2pro_i2c_RKV_I2C_TB_05\rkv_i2c_tb\agents\lvc_apb3\lvc_apb_reg_adapter.sv [55 ms, 50 lines, SystemVerilog_2012] ...
Done C:\Users\ADMIN\Desktop\V2_pro\virtual_project\rkv_v2pro_i2c_RKV_I2C_TB_05\rkv_i2c_tb\agents\lvc_apb3\lvc_apb.svh [0 ms, 53 lines, SystemVerilog_2012] ...
Done C:\Users\ADMIN\Desktop\V2_pro\virtual_project\rkv_v2pro_i2c_RKV_I2C_TB_05\rkv_i2c_tb\agents\lvc_apb3\lvc_apb_pkg.sv [0 ms, 33 lines, SystemVerilog_2012] ...
Loading (197) C:\Users\ADMIN\Desktop\V2_pro\virtual_project\rkv_v2pro_i2c_RKV_I2C_TB_05\rkv_i2c_tb\agents\lvc_i2c\lvc_i2c_if.sv ...
Done C:\Users\ADMIN\Desktop\V2_pro\virtual_project\rkv_v2pro_i2c_RKV_I2C_TB_05\rkv_i2c_tb\agents\lvc_i2c\lvc_i2c_if.sv [1 ms, 131 lines, SystemVerilog_2012] ...
Loading (198) C:\Users\ADMIN\Desktop\V2_pro\virtual_project\rkv_v2pro_i2c_RKV_I2C_TB_05\rkv_i2c_tb\agents\lvc_i2c\lvc_i2c_pkg.sv ...
Skip (optimized) C:\dvt_eclipse\predefined_projects\libs\uvm-1.2\src\uvm_macros.svh ...
Loading (199) C:\Users\ADMIN\Desktop\V2_pro\virtual_project\rkv_v2pro_i2c_RKV_I2C_TB_05\rkv_i2c_tb\agents\lvc_i2c\lvc_i2c_defines.svh ...
Done C:\Users\ADMIN\Desktop\V2_pro\virtual_project\rkv_v2pro_i2c_RKV_I2C_TB_05\rkv_i2c_tb\agents\lvc_i2c\lvc_i2c_defines.svh [0 ms, 206 lines, SystemVerilog_2012] ...
Loading (200) C:\Users\ADMIN\Desktop\V2_pro\virtual_project\rkv_v2pro_i2c_RKV_I2C_TB_05\rkv_i2c_tb\agents\lvc_i2c\lvc_i2c_types.sv ...
Done C:\Users\ADMIN\Desktop\V2_pro\virtual_project\rkv_v2pro_i2c_RKV_I2C_TB_05\rkv_i2c_tb\agents\lvc_i2c\lvc_i2c_types.sv [0 ms, 128 lines, SystemVerilog_2012] ...
Loading (201) C:\Users\ADMIN\Desktop\V2_pro\virtual_project\rkv_v2pro_i2c_RKV_I2C_TB_05\rkv_i2c_tb\agents\lvc_i2c\lvc_configuration.sv ...
Done C:\Users\ADMIN\Desktop\V2_pro\virtual_project\rkv_v2pro_i2c_RKV_I2C_TB_05\rkv_i2c_tb\agents\lvc_i2c\lvc_configuration.sv [2 ms, 47 lines, SystemVerilog_2012] ...
Loading (202) C:\Users\ADMIN\Desktop\V2_pro\virtual_project\rkv_v2pro_i2c_RKV_I2C_TB_05\rkv_i2c_tb\agents\lvc_i2c\lvc_i2c_configuration.sv ...
Done C:\Users\ADMIN\Desktop\V2_pro\virtual_project\rkv_v2pro_i2c_RKV_I2C_TB_05\rkv_i2c_tb\agents\lvc_i2c\lvc_i2c_configuration.sv [106 ms, 1636 lines, SystemVerilog_2012] ...
Loading (203) C:\Users\ADMIN\Desktop\V2_pro\virtual_project\rkv_v2pro_i2c_RKV_I2C_TB_05\rkv_i2c_tb\agents\lvc_i2c\lvc_i2c_agent_configuration.sv ...
Done C:\Users\ADMIN\Desktop\V2_pro\virtual_project\rkv_v2pro_i2c_RKV_I2C_TB_05\rkv_i2c_tb\agents\lvc_i2c\lvc_i2c_agent_configuration.sv [10 ms, 126 lines, SystemVerilog_2012] ...
Loading (204) C:\Users\ADMIN\Desktop\V2_pro\virtual_project\rkv_v2pro_i2c_RKV_I2C_TB_05\rkv_i2c_tb\agents\lvc_i2c\lvc_i2c_transaction.sv ...
Done C:\Users\ADMIN\Desktop\V2_pro\virtual_project\rkv_v2pro_i2c_RKV_I2C_TB_05\rkv_i2c_tb\agents\lvc_i2c\lvc_i2c_transaction.sv [47 ms, 533 lines, SystemVerilog_2012] ...
Loading (205) C:\Users\ADMIN\Desktop\V2_pro\virtual_project\rkv_v2pro_i2c_RKV_I2C_TB_05\rkv_i2c_tb\agents\lvc_i2c\lvc_i2c_bfm_common.sv ...
Done C:\Users\ADMIN\Desktop\V2_pro\virtual_project\rkv_v2pro_i2c_RKV_I2C_TB_05\rkv_i2c_tb\agents\lvc_i2c\lvc_i2c_bfm_common.sv [3 ms, 152 lines, SystemVerilog_2012] ...
Loading (206) C:\Users\ADMIN\Desktop\V2_pro\virtual_project\rkv_v2pro_i2c_RKV_I2C_TB_05\rkv_i2c_tb\agents\lvc_i2c\lvc_i2c_sequencer.sv ...
Done C:\Users\ADMIN\Desktop\V2_pro\virtual_project\rkv_v2pro_i2c_RKV_I2C_TB_05\rkv_i2c_tb\agents\lvc_i2c\lvc_i2c_sequencer.sv [1 ms, 63 lines, SystemVerilog_2012] ...
Loading (207) C:\Users\ADMIN\Desktop\V2_pro\virtual_project\rkv_v2pro_i2c_RKV_I2C_TB_05\rkv_i2c_tb\agents\lvc_i2c\lvc_i2c_master_transaction.sv ...
Done C:\Users\ADMIN\Desktop\V2_pro\virtual_project\rkv_v2pro_i2c_RKV_I2C_TB_05\rkv_i2c_tb\agents\lvc_i2c\lvc_i2c_master_transaction.sv [56 ms, 416 lines, SystemVerilog_2012] ...
Loading (208) C:\Users\ADMIN\Desktop\V2_pro\virtual_project\rkv_v2pro_i2c_RKV_I2C_TB_05\rkv_i2c_tb\agents\lvc_i2c\lvc_i2c_master_sequencer.sv ...
Done C:\Users\ADMIN\Desktop\V2_pro\virtual_project\rkv_v2pro_i2c_RKV_I2C_TB_05\rkv_i2c_tb\agents\lvc_i2c\lvc_i2c_master_sequencer.sv [3 ms, 94 lines, SystemVerilog_2012] ...
Loading (209) C:\Users\ADMIN\Desktop\V2_pro\virtual_project\rkv_v2pro_i2c_RKV_I2C_TB_05\rkv_i2c_tb\agents\lvc_i2c\lvc_i2c_master_monitor_common.sv ...
Done C:\Users\ADMIN\Desktop\V2_pro\virtual_project\rkv_v2pro_i2c_RKV_I2C_TB_05\rkv_i2c_tb\agents\lvc_i2c\lvc_i2c_master_monitor_common.sv [3 ms, 489 lines, SystemVerilog_2012] ...
Loading (210) C:\Users\ADMIN\Desktop\V2_pro\virtual_project\rkv_v2pro_i2c_RKV_I2C_TB_05\rkv_i2c_tb\agents\lvc_i2c\lvc_i2c_master_monitor.sv ...
Done C:\Users\ADMIN\Desktop\V2_pro\virtual_project\rkv_v2pro_i2c_RKV_I2C_TB_05\rkv_i2c_tb\agents\lvc_i2c\lvc_i2c_master_monitor.sv [4 ms, 210 lines, SystemVerilog_2012] ...
Loading (211) C:\Users\ADMIN\Desktop\V2_pro\virtual_project\rkv_v2pro_i2c_RKV_I2C_TB_05\rkv_i2c_tb\agents\lvc_i2c\lvc_i2c_master_driver_callback.sv ...
Done C:\Users\ADMIN\Desktop\V2_pro\virtual_project\rkv_v2pro_i2c_RKV_I2C_TB_05\rkv_i2c_tb\agents\lvc_i2c\lvc_i2c_master_driver_callback.sv [55 ms, 39 lines, SystemVerilog_2012] ...
Loading (212) C:\Users\ADMIN\Desktop\V2_pro\virtual_project\rkv_v2pro_i2c_RKV_I2C_TB_05\rkv_i2c_tb\agents\lvc_i2c\lvc_i2c_master_driver_common.sv ...
Done C:\Users\ADMIN\Desktop\V2_pro\virtual_project\rkv_v2pro_i2c_RKV_I2C_TB_05\rkv_i2c_tb\agents\lvc_i2c\lvc_i2c_master_driver_common.sv [7 ms, 1208 lines, SystemVerilog_2012] ...
Loading (213) C:\Users\ADMIN\Desktop\V2_pro\virtual_project\rkv_v2pro_i2c_RKV_I2C_TB_05\rkv_i2c_tb\agents\lvc_i2c\lvc_i2c_master_driver.sv ...
Done C:\Users\ADMIN\Desktop\V2_pro\virtual_project\rkv_v2pro_i2c_RKV_I2C_TB_05\rkv_i2c_tb\agents\lvc_i2c\lvc_i2c_master_driver.sv [4 ms, 337 lines, SystemVerilog_2012] ...
Loading (214) C:\Users\ADMIN\Desktop\V2_pro\virtual_project\rkv_v2pro_i2c_RKV_I2C_TB_05\rkv_i2c_tb\agents\lvc_i2c\lvc_i2c_master_agent.sv ...
Done C:\Users\ADMIN\Desktop\V2_pro\virtual_project\rkv_v2pro_i2c_RKV_I2C_TB_05\rkv_i2c_tb\agents\lvc_i2c\lvc_i2c_master_agent.sv [4 ms, 205 lines, SystemVerilog_2012] ...
Loading (215) C:\Users\ADMIN\Desktop\V2_pro\virtual_project\rkv_v2pro_i2c_RKV_I2C_TB_05\rkv_i2c_tb\agents\lvc_i2c\lvc_i2c_slave_transaction.sv ...
Done C:\Users\ADMIN\Desktop\V2_pro\virtual_project\rkv_v2pro_i2c_RKV_I2C_TB_05\rkv_i2c_tb\agents\lvc_i2c\lvc_i2c_slave_transaction.sv [3 ms, 241 lines, SystemVerilog_2012] ...
Loading (216) C:\Users\ADMIN\Desktop\V2_pro\virtual_project\rkv_v2pro_i2c_RKV_I2C_TB_05\rkv_i2c_tb\agents\lvc_i2c\lvc_i2c_slave_sequencer.sv ...
Done C:\Users\ADMIN\Desktop\V2_pro\virtual_project\rkv_v2pro_i2c_RKV_I2C_TB_05\rkv_i2c_tb\agents\lvc_i2c\lvc_i2c_slave_sequencer.sv [52 ms, 94 lines, SystemVerilog_2012] ...
Loading (217) C:\Users\ADMIN\Desktop\V2_pro\virtual_project\rkv_v2pro_i2c_RKV_I2C_TB_05\rkv_i2c_tb\agents\lvc_i2c\lvc_i2c_slave_monitor_common.sv ...
Done C:\Users\ADMIN\Desktop\V2_pro\virtual_project\rkv_v2pro_i2c_RKV_I2C_TB_05\rkv_i2c_tb\agents\lvc_i2c\lvc_i2c_slave_monitor_common.sv [4 ms, 473 lines, SystemVerilog_2012] ...
Loading (218) C:\Users\ADMIN\Desktop\V2_pro\virtual_project\rkv_v2pro_i2c_RKV_I2C_TB_05\rkv_i2c_tb\agents\lvc_i2c\lvc_i2c_slave_monitor.sv ...
Done C:\Users\ADMIN\Desktop\V2_pro\virtual_project\rkv_v2pro_i2c_RKV_I2C_TB_05\rkv_i2c_tb\agents\lvc_i2c\lvc_i2c_slave_monitor.sv [3 ms, 252 lines, SystemVerilog_2012] ...
Loading (219) C:\Users\ADMIN\Desktop\V2_pro\virtual_project\rkv_v2pro_i2c_RKV_I2C_TB_05\rkv_i2c_tb\agents\lvc_i2c\lvc_i2c_slave_driver_common.sv ...
Done C:\Users\ADMIN\Desktop\V2_pro\virtual_project\rkv_v2pro_i2c_RKV_I2C_TB_05\rkv_i2c_tb\agents\lvc_i2c\lvc_i2c_slave_driver_common.sv [3 ms, 527 lines, SystemVerilog_2012] ...
Loading (220) C:\Users\ADMIN\Desktop\V2_pro\virtual_project\rkv_v2pro_i2c_RKV_I2C_TB_05\rkv_i2c_tb\agents\lvc_i2c\lvc_i2c_slave_driver.sv ...
Done C:\Users\ADMIN\Desktop\V2_pro\virtual_project\rkv_v2pro_i2c_RKV_I2C_TB_05\rkv_i2c_tb\agents\lvc_i2c\lvc_i2c_slave_driver.sv [5 ms, 332 lines, SystemVerilog_2012] ...
Loading (221) C:\Users\ADMIN\Desktop\V2_pro\virtual_project\rkv_v2pro_i2c_RKV_I2C_TB_05\rkv_i2c_tb\agents\lvc_i2c\lvc_i2c_slave_agent.sv ...
Done C:\Users\ADMIN\Desktop\V2_pro\virtual_project\rkv_v2pro_i2c_RKV_I2C_TB_05\rkv_i2c_tb\agents\lvc_i2c\lvc_i2c_slave_agent.sv [6 ms, 208 lines, SystemVerilog_2012] ...
Loading (222) C:\Users\ADMIN\Desktop\V2_pro\virtual_project\rkv_v2pro_i2c_RKV_I2C_TB_05\rkv_i2c_tb\agents\lvc_i2c\lvc_i2c_system_configuration.sv ...
Done C:\Users\ADMIN\Desktop\V2_pro\virtual_project\rkv_v2pro_i2c_RKV_I2C_TB_05\rkv_i2c_tb\agents\lvc_i2c\lvc_i2c_system_configuration.sv [65 ms, 300 lines, SystemVerilog_2012] ...
Loading (223) C:\Users\ADMIN\Desktop\V2_pro\virtual_project\rkv_v2pro_i2c_RKV_I2C_TB_05\rkv_i2c_tb\agents\lvc_i2c\lvc_i2c_system_sequencer.sv ...
Done C:\Users\ADMIN\Desktop\V2_pro\virtual_project\rkv_v2pro_i2c_RKV_I2C_TB_05\rkv_i2c_tb\agents\lvc_i2c\lvc_i2c_system_sequencer.sv [2 ms, 78 lines, SystemVerilog_2012] ...
Loading (224) C:\Users\ADMIN\Desktop\V2_pro\virtual_project\rkv_v2pro_i2c_RKV_I2C_TB_05\rkv_i2c_tb\agents\lvc_i2c\lvc_i2c_system_env.sv ...
Done C:\Users\ADMIN\Desktop\V2_pro\virtual_project\rkv_v2pro_i2c_RKV_I2C_TB_05\rkv_i2c_tb\agents\lvc_i2c\lvc_i2c_system_env.sv [3 ms, 225 lines, SystemVerilog_2012] ...
Done C:\Users\ADMIN\Desktop\V2_pro\virtual_project\rkv_v2pro_i2c_RKV_I2C_TB_05\rkv_i2c_tb\agents\lvc_i2c\lvc_i2c_pkg.sv [0 ms, 63 lines, SystemVerilog_2012] ...
Loading (225) C:\Users\ADMIN\Desktop\V2_pro\virtual_project\rkv_v2pro_i2c_RKV_I2C_TB_05\rkv_i2c_tb\env\rkv_i2c_pkg.sv ...
Skip (optimized) C:\dvt_eclipse\predefined_projects\libs\uvm-1.2\src\uvm_macros.svh ...
Loading (226) C:\Users\ADMIN\Desktop\V2_pro\virtual_project\rkv_v2pro_i2c_RKV_I2C_TB_05\rkv_i2c_tb\agents\lvc_i2c\lvc_i2c_defines.svh ...
Done C:\Users\ADMIN\Desktop\V2_pro\virtual_project\rkv_v2pro_i2c_RKV_I2C_TB_05\rkv_i2c_tb\agents\lvc_i2c\lvc_i2c_defines.svh [0 ms, 206 lines, SystemVerilog_2012] ...
Loading (227) C:\Users\ADMIN\Desktop\V2_pro\virtual_project\rkv_v2pro_i2c_RKV_I2C_TB_05\rkv_i2c_tb\reg\ral_rkv_i2c.sv ...
Done C:\Users\ADMIN\Desktop\V2_pro\virtual_project\rkv_v2pro_i2c_RKV_I2C_TB_05\rkv_i2c_tb\reg\ral_rkv_i2c.sv [38 ms, 2456 lines, SystemVerilog_2012] ...
Loading (228) C:\Users\ADMIN\Desktop\V2_pro\virtual_project\rkv_v2pro_i2c_RKV_I2C_TB_05\rkv_i2c_tb\cfg\rkv_i2c_configs.svh ...
Loading (229) C:\Users\ADMIN\Desktop\V2_pro\virtual_project\rkv_v2pro_i2c_RKV_I2C_TB_05\rkv_i2c_tb\cfg\rkv_i2c_defines.svh ...
Done C:\Users\ADMIN\Desktop\V2_pro\virtual_project\rkv_v2pro_i2c_RKV_I2C_TB_05\rkv_i2c_tb\cfg\rkv_i2c_defines.svh [52 ms, 35 lines, SystemVerilog_2012] ...
Loading (230) C:\Users\ADMIN\Desktop\V2_pro\virtual_project\rkv_v2pro_i2c_RKV_I2C_TB_05\rkv_i2c_tb\cfg\rkv_i2c_config.sv ...
Done C:\Users\ADMIN\Desktop\V2_pro\virtual_project\rkv_v2pro_i2c_RKV_I2C_TB_05\rkv_i2c_tb\cfg\rkv_i2c_config.sv [1 ms, 53 lines, SystemVerilog_2012] ...
Done C:\Users\ADMIN\Desktop\V2_pro\virtual_project\rkv_v2pro_i2c_RKV_I2C_TB_05\rkv_i2c_tb\cfg\rkv_i2c_configs.svh [0 ms, 9 lines, SystemVerilog_2012] ...
Loading (231) C:\Users\ADMIN\Desktop\V2_pro\virtual_project\rkv_v2pro_i2c_RKV_I2C_TB_05\rkv_i2c_tb\env\rkv_i2c_master_scoreboard.sv ...
Done C:\Users\ADMIN\Desktop\V2_pro\virtual_project\rkv_v2pro_i2c_RKV_I2C_TB_05\rkv_i2c_tb\env\rkv_i2c_master_scoreboard.sv [3 ms, 230 lines, SystemVerilog_2012] ...
Loading (232) C:\Users\ADMIN\Desktop\V2_pro\virtual_project\rkv_v2pro_i2c_RKV_I2C_TB_05\rkv_i2c_tb\cov\rkv_i2c_cgm.sv ...
Done C:\Users\ADMIN\Desktop\V2_pro\virtual_project\rkv_v2pro_i2c_RKV_I2C_TB_05\rkv_i2c_tb\cov\rkv_i2c_cgm.sv [5 ms, 490 lines, SystemVerilog_2012] ...
Loading (233) C:\Users\ADMIN\Desktop\V2_pro\virtual_project\rkv_v2pro_i2c_RKV_I2C_TB_05\rkv_i2c_tb\env\rkv_i2c_virtual_sequencer.sv ...
Done C:\Users\ADMIN\Desktop\V2_pro\virtual_project\rkv_v2pro_i2c_RKV_I2C_TB_05\rkv_i2c_tb\env\rkv_i2c_virtual_sequencer.sv [0 ms, 33 lines, SystemVerilog_2012] ...
Loading (234) C:\Users\ADMIN\Desktop\V2_pro\virtual_project\rkv_v2pro_i2c_RKV_I2C_TB_05\rkv_i2c_tb\env\rkv_i2c_env.sv ...
Done C:\Users\ADMIN\Desktop\V2_pro\virtual_project\rkv_v2pro_i2c_RKV_I2C_TB_05\rkv_i2c_tb\env\rkv_i2c_env.sv [53 ms, 113 lines, SystemVerilog_2012] ...
Loading (235) C:\Users\ADMIN\Desktop\V2_pro\virtual_project\rkv_v2pro_i2c_RKV_I2C_TB_05\rkv_i2c_tb\seq_lib\elem_seqs\rkv_i2c_element_sequences.svh ...
Loading (236) C:\Users\ADMIN\Desktop\V2_pro\virtual_project\rkv_v2pro_i2c_RKV_I2C_TB_05\rkv_i2c_tb\seq_lib\elem_seqs\rkv_apb_base_sequence.sv ...
Done C:\Users\ADMIN\Desktop\V2_pro\virtual_project\rkv_v2pro_i2c_RKV_I2C_TB_05\rkv_i2c_tb\seq_lib\elem_seqs\rkv_apb_base_sequence.sv [1 ms, 65 lines, SystemVerilog_2012] ...
Loading (237) C:\Users\ADMIN\Desktop\V2_pro\virtual_project\rkv_v2pro_i2c_RKV_I2C_TB_05\rkv_i2c_tb\seq_lib\elem_seqs\rkv_apb_config_seq.sv ...
Done C:\Users\ADMIN\Desktop\V2_pro\virtual_project\rkv_v2pro_i2c_RKV_I2C_TB_05\rkv_i2c_tb\seq_lib\elem_seqs\rkv_apb_config_seq.sv [0 ms, 53 lines, SystemVerilog_2012] ...
Loading (238) C:\Users\ADMIN\Desktop\V2_pro\virtual_project\rkv_v2pro_i2c_RKV_I2C_TB_05\rkv_i2c_tb\seq_lib\elem_seqs\rkv_apb_write_packet_seq.sv ...
Done C:\Users\ADMIN\Desktop\V2_pro\virtual_project\rkv_v2pro_i2c_RKV_I2C_TB_05\rkv_i2c_tb\seq_lib\elem_seqs\rkv_apb_write_packet_seq.sv [1 ms, 44 lines, SystemVerilog_2012] ...
Loading (239) C:\Users\ADMIN\Desktop\V2_pro\virtual_project\rkv_v2pro_i2c_RKV_I2C_TB_05\rkv_i2c_tb\seq_lib\elem_seqs\rkv_apb_read_packet_seq.sv ...
Done C:\Users\ADMIN\Desktop\V2_pro\virtual_project\rkv_v2pro_i2c_RKV_I2C_TB_05\rkv_i2c_tb\seq_lib\elem_seqs\rkv_apb_read_packet_seq.sv [0 ms, 70 lines, SystemVerilog_2012] ...
Loading (240) C:\Users\ADMIN\Desktop\V2_pro\virtual_project\rkv_v2pro_i2c_RKV_I2C_TB_05\rkv_i2c_tb\seq_lib\elem_seqs\rkv_apb_wait_empty_seq.sv ...
Done C:\Users\ADMIN\Desktop\V2_pro\virtual_project\rkv_v2pro_i2c_RKV_I2C_TB_05\rkv_i2c_tb\seq_lib\elem_seqs\rkv_apb_wait_empty_seq.sv [2 ms, 31 lines, SystemVerilog_2012] ...
Loading (241) C:\Users\ADMIN\Desktop\V2_pro\virtual_project\rkv_v2pro_i2c_RKV_I2C_TB_05\rkv_i2c_tb\seq_lib\elem_seqs\rkv_apb_intr_enable_seq.sv ...
Done C:\Users\ADMIN\Desktop\V2_pro\virtual_project\rkv_v2pro_i2c_RKV_I2C_TB_05\rkv_i2c_tb\seq_lib\elem_seqs\rkv_apb_intr_enable_seq.sv [52 ms, 25 lines, SystemVerilog_2012] ...
Loading (242) C:\Users\ADMIN\Desktop\V2_pro\virtual_project\rkv_v2pro_i2c_RKV_I2C_TB_05\rkv_i2c_tb\seq_lib\elem_seqs\rkv_apb_intr_wait_seq.sv ...
Done C:\Users\ADMIN\Desktop\V2_pro\virtual_project\rkv_v2pro_i2c_RKV_I2C_TB_05\rkv_i2c_tb\seq_lib\elem_seqs\rkv_apb_intr_wait_seq.sv [1 ms, 49 lines, SystemVerilog_2012] ...
Loading (243) C:\Users\ADMIN\Desktop\V2_pro\virtual_project\rkv_v2pro_i2c_RKV_I2C_TB_05\rkv_i2c_tb\seq_lib\elem_seqs\rkv_apb_intr_clear_seq.sv ...
Done C:\Users\ADMIN\Desktop\V2_pro\virtual_project\rkv_v2pro_i2c_RKV_I2C_TB_05\rkv_i2c_tb\seq_lib\elem_seqs\rkv_apb_intr_clear_seq.sv [1 ms, 47 lines, SystemVerilog_2012] ...
Loading (244) C:\Users\ADMIN\Desktop\V2_pro\virtual_project\rkv_v2pro_i2c_RKV_I2C_TB_05\rkv_i2c_tb\seq_lib\elem_seqs\rkv_i2c_slave_base_sequence.sv ...
Done C:\Users\ADMIN\Desktop\V2_pro\virtual_project\rkv_v2pro_i2c_RKV_I2C_TB_05\rkv_i2c_tb\seq_lib\elem_seqs\rkv_i2c_slave_base_sequence.sv [0 ms, 40 lines, SystemVerilog_2012] ...
Loading (245) C:\Users\ADMIN\Desktop\V2_pro\virtual_project\rkv_v2pro_i2c_RKV_I2C_TB_05\rkv_i2c_tb\seq_lib\elem_seqs\rkv_i2c_slave_write_response_seq.sv ...
Done C:\Users\ADMIN\Desktop\V2_pro\virtual_project\rkv_v2pro_i2c_RKV_I2C_TB_05\rkv_i2c_tb\seq_lib\elem_seqs\rkv_i2c_slave_write_response_seq.sv [1 ms, 40 lines, SystemVerilog_2012] ...
Loading (246) C:\Users\ADMIN\Desktop\V2_pro\virtual_project\rkv_v2pro_i2c_RKV_I2C_TB_05\rkv_i2c_tb\seq_lib\elem_seqs\rkv_i2c_slave_read_response_seq.sv ...
Done C:\Users\ADMIN\Desktop\V2_pro\virtual_project\rkv_v2pro_i2c_RKV_I2C_TB_05\rkv_i2c_tb\seq_lib\elem_seqs\rkv_i2c_slave_read_response_seq.sv [1 ms, 41 lines, SystemVerilog_2012] ...
Loading (247) C:\Users\ADMIN\Desktop\V2_pro\virtual_project\rkv_v2pro_i2c_RKV_I2C_TB_05\rkv_i2c_tb\seq_lib\elem_seqs\rkv_i2c_master_base_sequence.sv ...
Done C:\Users\ADMIN\Desktop\V2_pro\virtual_project\rkv_v2pro_i2c_RKV_I2C_TB_05\rkv_i2c_tb\seq_lib\elem_seqs\rkv_i2c_master_base_sequence.sv [0 ms, 40 lines, SystemVerilog_2012] ...
Loading (248) C:\Users\ADMIN\Desktop\V2_pro\virtual_project\rkv_v2pro_i2c_RKV_I2C_TB_05\rkv_i2c_tb\seq_lib\elem_seqs\rkv_i2c_master_read_response_seq.sv ...
Done C:\Users\ADMIN\Desktop\V2_pro\virtual_project\rkv_v2pro_i2c_RKV_I2C_TB_05\rkv_i2c_tb\seq_lib\elem_seqs\rkv_i2c_master_read_response_seq.sv [1 ms, 41 lines, SystemVerilog_2012] ...
Loading (249) C:\Users\ADMIN\Desktop\V2_pro\virtual_project\rkv_v2pro_i2c_RKV_I2C_TB_05\rkv_i2c_tb\seq_lib\elem_seqs\rkv_i2c_master_write_response_seq.sv ...
Done C:\Users\ADMIN\Desktop\V2_pro\virtual_project\rkv_v2pro_i2c_RKV_I2C_TB_05\rkv_i2c_tb\seq_lib\elem_seqs\rkv_i2c_master_write_response_seq.sv [53 ms, 38 lines, SystemVerilog_2012] ...
Done C:\Users\ADMIN\Desktop\V2_pro\virtual_project\rkv_v2pro_i2c_RKV_I2C_TB_05\rkv_i2c_tb\seq_lib\elem_seqs\rkv_i2c_element_sequences.svh [0 ms, 24 lines, SystemVerilog_2012] ...
Loading (250) C:\Users\ADMIN\Desktop\V2_pro\virtual_project\rkv_v2pro_i2c_RKV_I2C_TB_05\rkv_i2c_tb\seq_lib\user_elem_seqs\rkv_i2c_user_element_sequences.svh ...
Loading (251) C:\Users\ADMIN\Desktop\V2_pro\virtual_project\rkv_v2pro_i2c_RKV_I2C_TB_05\rkv_i2c_tb\seq_lib\user_elem_seqs\rkv_apb_noread_packet_seq.sv ...
Done C:\Users\ADMIN\Desktop\V2_pro\virtual_project\rkv_v2pro_i2c_RKV_I2C_TB_05\rkv_i2c_tb\seq_lib\user_elem_seqs\rkv_apb_noread_packet_seq.sv [0 ms, 43 lines, SystemVerilog_2012] ...
Loading (252) C:\Users\ADMIN\Desktop\V2_pro\virtual_project\rkv_v2pro_i2c_RKV_I2C_TB_05\rkv_i2c_tb\seq_lib\user_elem_seqs\rkv_apb_write_nocheck_packet_seq.sv ...
Done C:\Users\ADMIN\Desktop\V2_pro\virtual_project\rkv_v2pro_i2c_RKV_I2C_TB_05\rkv_i2c_tb\seq_lib\user_elem_seqs\rkv_apb_write_nocheck_packet_seq.sv [1 ms, 39 lines, SystemVerilog_2012] ...
Loading (253) C:\Users\ADMIN\Desktop\V2_pro\virtual_project\rkv_v2pro_i2c_RKV_I2C_TB_05\rkv_i2c_tb\seq_lib\user_elem_seqs\rkv_apb_user_config_seq.sv ...
Done C:\Users\ADMIN\Desktop\V2_pro\virtual_project\rkv_v2pro_i2c_RKV_I2C_TB_05\rkv_i2c_tb\seq_lib\user_elem_seqs\rkv_apb_user_config_seq.sv [1 ms, 90 lines, SystemVerilog_2012] ...
Loading (254) C:\Users\ADMIN\Desktop\V2_pro\virtual_project\rkv_v2pro_i2c_RKV_I2C_TB_05\rkv_i2c_tb\seq_lib\user_elem_seqs\rkv_apb_user_read_packet_seq.sv ...
Done C:\Users\ADMIN\Desktop\V2_pro\virtual_project\rkv_v2pro_i2c_RKV_I2C_TB_05\rkv_i2c_tb\seq_lib\user_elem_seqs\rkv_apb_user_read_packet_seq.sv [0 ms, 33 lines, SystemVerilog_2012] ...
Loading (255) C:\Users\ADMIN\Desktop\V2_pro\virtual_project\rkv_v2pro_i2c_RKV_I2C_TB_05\rkv_i2c_tb\seq_lib\user_elem_seqs\rkv_apb_user_read_rx_fifo_seq.sv ...
Done C:\Users\ADMIN\Desktop\V2_pro\virtual_project\rkv_v2pro_i2c_RKV_I2C_TB_05\rkv_i2c_tb\seq_lib\user_elem_seqs\rkv_apb_user_read_rx_fifo_seq.sv [1 ms, 32 lines, SystemVerilog_2012] ...
Loading (256) C:\Users\ADMIN\Desktop\V2_pro\virtual_project\rkv_v2pro_i2c_RKV_I2C_TB_05\rkv_i2c_tb\seq_lib\user_elem_seqs\rkv_apb_user_wait_detect_abort_source_seq.sv ...
Done C:\Users\ADMIN\Desktop\V2_pro\virtual_project\rkv_v2pro_i2c_RKV_I2C_TB_05\rkv_i2c_tb\seq_lib\user_elem_seqs\rkv_apb_user_wait_detect_abort_source_seq.sv [1 ms, 51 lines, SystemVerilog_2012] ...
Loading (257) C:\Users\ADMIN\Desktop\V2_pro\virtual_project\rkv_v2pro_i2c_RKV_I2C_TB_05\rkv_i2c_tb\seq_lib\user_elem_seqs\rkv_apb_user_wait_empty_seq.sv ...
Done C:\Users\ADMIN\Desktop\V2_pro\virtual_project\rkv_v2pro_i2c_RKV_I2C_TB_05\rkv_i2c_tb\seq_lib\user_elem_seqs\rkv_apb_user_wait_empty_seq.sv [51 ms, 30 lines, SystemVerilog_2012] ...
Loading (258) C:\Users\ADMIN\Desktop\V2_pro\virtual_project\rkv_v2pro_i2c_RKV_I2C_TB_05\rkv_i2c_tb\seq_lib\user_elem_seqs\rkv_apb_user_write_packet_seq.sv ...
Done C:\Users\ADMIN\Desktop\V2_pro\virtual_project\rkv_v2pro_i2c_RKV_I2C_TB_05\rkv_i2c_tb\seq_lib\user_elem_seqs\rkv_apb_user_write_packet_seq.sv [1 ms, 34 lines, SystemVerilog_2012] ...
Loading (259) C:\Users\ADMIN\Desktop\V2_pro\virtual_project\rkv_v2pro_i2c_RKV_I2C_TB_05\rkv_i2c_tb\seq_lib\user_elem_seqs\rkv_apb_user_address_check_seq.sv ...
Done C:\Users\ADMIN\Desktop\V2_pro\virtual_project\rkv_v2pro_i2c_RKV_I2C_TB_05\rkv_i2c_tb\seq_lib\user_elem_seqs\rkv_apb_user_address_check_seq.sv [0 ms, 35 lines, SystemVerilog_2012] ...
Done C:\Users\ADMIN\Desktop\V2_pro\virtual_project\rkv_v2pro_i2c_RKV_I2C_TB_05\rkv_i2c_tb\seq_lib\user_elem_seqs\rkv_i2c_user_element_sequences.svh [0 ms, 18 lines, SystemVerilog_2012] ...
Loading (260) C:\Users\ADMIN\Desktop\V2_pro\virtual_project\rkv_v2pro_i2c_RKV_I2C_TB_05\rkv_i2c_tb\seq_lib\rkv_i2c_virtual_sequences.svh ...
Loading (261) C:\Users\ADMIN\Desktop\V2_pro\virtual_project\rkv_v2pro_i2c_RKV_I2C_TB_05\rkv_i2c_tb\seq_lib\rkv_i2c_base_virtual_sequence.sv ...
Done C:\Users\ADMIN\Desktop\V2_pro\virtual_project\rkv_v2pro_i2c_RKV_I2C_TB_05\rkv_i2c_tb\seq_lib\rkv_i2c_base_virtual_sequence.sv [1 ms, 94 lines, SystemVerilog_2012] ...
Loading (262) C:\Users\ADMIN\Desktop\V2_pro\virtual_project\rkv_v2pro_i2c_RKV_I2C_TB_05\rkv_i2c_tb\seq_lib\rkv_i2c_quick_reg_access_virt_seq.sv ...
Done C:\Users\ADMIN\Desktop\V2_pro\virtual_project\rkv_v2pro_i2c_RKV_I2C_TB_05\rkv_i2c_tb\seq_lib\rkv_i2c_quick_reg_access_virt_seq.sv [0 ms, 48 lines, SystemVerilog_2012] ...
Loading (263) C:\Users\ADMIN\Desktop\V2_pro\virtual_project\rkv_v2pro_i2c_RKV_I2C_TB_05\rkv_i2c_tb\seq_lib\rkv_i2c_reg_hw_reset_virt_seq.sv ...
Done C:\Users\ADMIN\Desktop\V2_pro\virtual_project\rkv_v2pro_i2c_RKV_I2C_TB_05\rkv_i2c_tb\seq_lib\rkv_i2c_reg_hw_reset_virt_seq.sv [1 ms, 38 lines, SystemVerilog_2012] ...
Loading (264) C:\Users\ADMIN\Desktop\V2_pro\virtual_project\rkv_v2pro_i2c_RKV_I2C_TB_05\rkv_i2c_tb\seq_lib\rkv_i2c_reg_bit_bash_virt_seq.sv ...
Done C:\Users\ADMIN\Desktop\V2_pro\virtual_project\rkv_v2pro_i2c_RKV_I2C_TB_05\rkv_i2c_tb\seq_lib\rkv_i2c_reg_bit_bash_virt_seq.sv [0 ms, 37 lines, SystemVerilog_2012] ...
Loading (265) C:\Users\ADMIN\Desktop\V2_pro\virtual_project\rkv_v2pro_i2c_RKV_I2C_TB_05\rkv_i2c_tb\seq_lib\rkv_i2c_reg_access_virt_seq.sv ...
Done C:\Users\ADMIN\Desktop\V2_pro\virtual_project\rkv_v2pro_i2c_RKV_I2C_TB_05\rkv_i2c_tb\seq_lib\rkv_i2c_reg_access_virt_seq.sv [53 ms, 36 lines, SystemVerilog_2012] ...
Loading (266) C:\Users\ADMIN\Desktop\V2_pro\virtual_project\rkv_v2pro_i2c_RKV_I2C_TB_05\rkv_i2c_tb\seq_lib\rkv_i2c_master_directed_interrupt_virt_seq.sv ...
Done C:\Users\ADMIN\Desktop\V2_pro\virtual_project\rkv_v2pro_i2c_RKV_I2C_TB_05\rkv_i2c_tb\seq_lib\rkv_i2c_master_directed_interrupt_virt_seq.sv [2 ms, 60 lines, SystemVerilog_2012] ...
Loading (267) C:\Users\ADMIN\Desktop\V2_pro\virtual_project\rkv_v2pro_i2c_RKV_I2C_TB_05\rkv_i2c_tb\seq_lib\rkv_i2c_master_directed_write_packet_virt_seq.sv ...
Done C:\Users\ADMIN\Desktop\V2_pro\virtual_project\rkv_v2pro_i2c_RKV_I2C_TB_05\rkv_i2c_tb\seq_lib\rkv_i2c_master_directed_write_packet_virt_seq.sv [1 ms, 52 lines, SystemVerilog_2012] ...
Loading (268) C:\Users\ADMIN\Desktop\V2_pro\virtual_project\rkv_v2pro_i2c_RKV_I2C_TB_05\rkv_i2c_tb\seq_lib\rkv_i2c_master_directed_read_packet_virt_seq.sv ...
Done C:\Users\ADMIN\Desktop\V2_pro\virtual_project\rkv_v2pro_i2c_RKV_I2C_TB_05\rkv_i2c_tb\seq_lib\rkv_i2c_master_directed_read_packet_virt_seq.sv [1 ms, 53 lines, SystemVerilog_2012] ...
Loading (269) C:\Users\ADMIN\Desktop\V2_pro\virtual_project\rkv_v2pro_i2c_RKV_I2C_TB_05\rkv_i2c_tb\seq_lib\rkv_i2c_slave_directed_read_packet_virt_seq.sv ...
Done C:\Users\ADMIN\Desktop\V2_pro\virtual_project\rkv_v2pro_i2c_RKV_I2C_TB_05\rkv_i2c_tb\seq_lib\rkv_i2c_slave_directed_read_packet_virt_seq.sv [2 ms, 83 lines, SystemVerilog_2012] ...
Loading (270) C:\Users\ADMIN\Desktop\V2_pro\virtual_project\rkv_v2pro_i2c_RKV_I2C_TB_05\rkv_i2c_tb\seq_lib\rkv_i2c_slave_directed_write_packet_virt_seq.sv ...
Done C:\Users\ADMIN\Desktop\V2_pro\virtual_project\rkv_v2pro_i2c_RKV_I2C_TB_05\rkv_i2c_tb\seq_lib\rkv_i2c_slave_directed_write_packet_virt_seq.sv [3 ms, 98 lines, SystemVerilog_2012] ...
Done C:\Users\ADMIN\Desktop\V2_pro\virtual_project\rkv_v2pro_i2c_RKV_I2C_TB_05\rkv_i2c_tb\seq_lib\rkv_i2c_virtual_sequences.svh [1 ms, 19 lines, SystemVerilog_2012] ...
Loading (271) C:\Users\ADMIN\Desktop\V2_pro\virtual_project\rkv_v2pro_i2c_RKV_I2C_TB_05\rkv_i2c_tb\seq_lib\user_virt_seqs\rkv_i2c_user_virtual_sequences.svh ...
Loading (272) C:\Users\ADMIN\Desktop\V2_pro\virtual_project\rkv_v2pro_i2c_RKV_I2C_TB_05\rkv_i2c_tb\seq_lib\user_virt_seqs\rkv_i2c_master_sda_control_cg_virt_seq.sv ...
Done C:\Users\ADMIN\Desktop\V2_pro\virtual_project\rkv_v2pro_i2c_RKV_I2C_TB_05\rkv_i2c_tb\seq_lib\user_virt_seqs\rkv_i2c_master_sda_control_cg_virt_seq.sv [54 ms, 88 lines, SystemVerilog_2012] ...
Loading (273) C:\Users\ADMIN\Desktop\V2_pro\virtual_project\rkv_v2pro_i2c_RKV_I2C_TB_05\rkv_i2c_tb\seq_lib\user_virt_seqs\rkv_i2c_master_address_cg_virt_seq.sv ...
Done C:\Users\ADMIN\Desktop\V2_pro\virtual_project\rkv_v2pro_i2c_RKV_I2C_TB_05\rkv_i2c_tb\seq_lib\user_virt_seqs\rkv_i2c_master_address_cg_virt_seq.sv [3 ms, 86 lines, SystemVerilog_2012] ...
Loading (274) C:\Users\ADMIN\Desktop\V2_pro\virtual_project\rkv_v2pro_i2c_RKV_I2C_TB_05\rkv_i2c_tb\seq_lib\user_virt_seqs\rkv_i2c_master_enabled_cg_virt_seq.sv ...
Done C:\Users\ADMIN\Desktop\V2_pro\virtual_project\rkv_v2pro_i2c_RKV_I2C_TB_05\rkv_i2c_tb\seq_lib\user_virt_seqs\rkv_i2c_master_enabled_cg_virt_seq.sv [4 ms, 98 lines, SystemVerilog_2012] ...
Loading (275) C:\Users\ADMIN\Desktop\V2_pro\virtual_project\rkv_v2pro_i2c_RKV_I2C_TB_05\rkv_i2c_tb\seq_lib\user_virt_seqs\rkv_i2c_master_timeout_cg_virt_seq.sv ...
Done C:\Users\ADMIN\Desktop\V2_pro\virtual_project\rkv_v2pro_i2c_RKV_I2C_TB_05\rkv_i2c_tb\seq_lib\user_virt_seqs\rkv_i2c_master_timeout_cg_virt_seq.sv [3 ms, 54 lines, SystemVerilog_2012] ...
Loading (276) C:\Users\ADMIN\Desktop\V2_pro\virtual_project\rkv_v2pro_i2c_RKV_I2C_TB_05\rkv_i2c_tb\seq_lib\user_virt_seqs\rkv_i2c_master_start_byte_virt_seq.sv ...
Done C:\Users\ADMIN\Desktop\V2_pro\virtual_project\rkv_v2pro_i2c_RKV_I2C_TB_05\rkv_i2c_tb\seq_lib\user_virt_seqs\rkv_i2c_master_start_byte_virt_seq.sv [1 ms, 54 lines, SystemVerilog_2012] ...
Loading (277) C:\Users\ADMIN\Desktop\V2_pro\virtual_project\rkv_v2pro_i2c_RKV_I2C_TB_05\rkv_i2c_tb\seq_lib\user_virt_seqs\rkv_i2c_master_hs_master_code_virt_seq.sv ...
Done C:\Users\ADMIN\Desktop\V2_pro\virtual_project\rkv_v2pro_i2c_RKV_I2C_TB_05\rkv_i2c_tb\seq_lib\user_virt_seqs\rkv_i2c_master_hs_master_code_virt_seq.sv [6 ms, 246 lines, SystemVerilog_2012] ...
Loading (278) C:\Users\ADMIN\Desktop\V2_pro\virtual_project\rkv_v2pro_i2c_RKV_I2C_TB_05\rkv_i2c_tb\seq_lib\user_virt_seqs\rkv_i2c_master_tx_empty_intr_virt_seq.sv ...
Done C:\Users\ADMIN\Desktop\V2_pro\virtual_project\rkv_v2pro_i2c_RKV_I2C_TB_05\rkv_i2c_tb\seq_lib\user_virt_seqs\rkv_i2c_master_tx_empty_intr_virt_seq.sv [54 ms, 70 lines, SystemVerilog_2012] ...
Loading (279) C:\Users\ADMIN\Desktop\V2_pro\virtual_project\rkv_v2pro_i2c_RKV_I2C_TB_05\rkv_i2c_tb\seq_lib\user_virt_seqs\rkv_i2c_master_rx_over_intr_virt_seq.sv ...
Done C:\Users\ADMIN\Desktop\V2_pro\virtual_project\rkv_v2pro_i2c_RKV_I2C_TB_05\rkv_i2c_tb\seq_lib\user_virt_seqs\rkv_i2c_master_rx_over_intr_virt_seq.sv [2 ms, 87 lines, SystemVerilog_2012] ...
Loading (280) C:\Users\ADMIN\Desktop\V2_pro\virtual_project\rkv_v2pro_i2c_RKV_I2C_TB_05\rkv_i2c_tb\seq_lib\user_virt_seqs\rkv_i2c_master_rx_full_intr_virt_seq.sv ...
Done C:\Users\ADMIN\Desktop\V2_pro\virtual_project\rkv_v2pro_i2c_RKV_I2C_TB_05\rkv_i2c_tb\seq_lib\user_virt_seqs\rkv_i2c_master_rx_full_intr_virt_seq.sv [2 ms, 72 lines, SystemVerilog_2012] ...
Loading (281) C:\Users\ADMIN\Desktop\V2_pro\virtual_project\rkv_v2pro_i2c_RKV_I2C_TB_05\rkv_i2c_tb\seq_lib\user_virt_seqs\rkv_i2c_master_tx_abrt_intr_virt_seq.sv ...
Done C:\Users\ADMIN\Desktop\V2_pro\virtual_project\rkv_v2pro_i2c_RKV_I2C_TB_05\rkv_i2c_tb\seq_lib\user_virt_seqs\rkv_i2c_master_tx_abrt_intr_virt_seq.sv [0 ms, 75 lines, SystemVerilog_2012] ...
Loading (282) C:\Users\ADMIN\Desktop\V2_pro\virtual_project\rkv_v2pro_i2c_RKV_I2C_TB_05\rkv_i2c_tb\seq_lib\user_virt_seqs\rkv_i2c_master_tx_full_intr_virt_seq.sv ...
Done C:\Users\ADMIN\Desktop\V2_pro\virtual_project\rkv_v2pro_i2c_RKV_I2C_TB_05\rkv_i2c_tb\seq_lib\user_virt_seqs\rkv_i2c_master_tx_full_intr_virt_seq.sv [1 ms, 53 lines, SystemVerilog_2012] ...
Loading (283) C:\Users\ADMIN\Desktop\V2_pro\virtual_project\rkv_v2pro_i2c_RKV_I2C_TB_05\rkv_i2c_tb\seq_lib\user_virt_seqs\rkv_i2c_master_tx_over_intr_virt_seq.sv ...
Done C:\Users\ADMIN\Desktop\V2_pro\virtual_project\rkv_v2pro_i2c_RKV_I2C_TB_05\rkv_i2c_tb\seq_lib\user_virt_seqs\rkv_i2c_master_tx_over_intr_virt_seq.sv [53 ms, 172 lines, SystemVerilog_2012] ...
Loading (284) C:\Users\ADMIN\Desktop\V2_pro\virtual_project\rkv_v2pro_i2c_RKV_I2C_TB_05\rkv_i2c_tb\seq_lib\user_virt_seqs\rkv_i2c_master_activity_intr_output_virt_seq.sv ...
Done C:\Users\ADMIN\Desktop\V2_pro\virtual_project\rkv_v2pro_i2c_RKV_I2C_TB_05\rkv_i2c_tb\seq_lib\user_virt_seqs\rkv_i2c_master_activity_intr_output_virt_seq.sv [2 ms, 63 lines, SystemVerilog_2012] ...
Loading (285) C:\Users\ADMIN\Desktop\V2_pro\virtual_project\rkv_v2pro_i2c_RKV_I2C_TB_05\rkv_i2c_tb\seq_lib\user_virt_seqs\rkv_i2c_master_abrt_7b_addr_noack_virt_seq.sv ...
Done C:\Users\ADMIN\Desktop\V2_pro\virtual_project\rkv_v2pro_i2c_RKV_I2C_TB_05\rkv_i2c_tb\seq_lib\user_virt_seqs\rkv_i2c_master_abrt_7b_addr_noack_virt_seq.sv [2 ms, 71 lines, SystemVerilog_2012] ...
Loading (286) C:\Users\ADMIN\Desktop\V2_pro\virtual_project\rkv_v2pro_i2c_RKV_I2C_TB_05\rkv_i2c_tb\seq_lib\user_virt_seqs\rkv_i2c_master_abrt_sbyte_norstrt_virt_seq.sv ...
Done C:\Users\ADMIN\Desktop\V2_pro\virtual_project\rkv_v2pro_i2c_RKV_I2C_TB_05\rkv_i2c_tb\seq_lib\user_virt_seqs\rkv_i2c_master_abrt_sbyte_norstrt_virt_seq.sv [2 ms, 74 lines, SystemVerilog_2012] ...
Loading (287) C:\Users\ADMIN\Desktop\V2_pro\virtual_project\rkv_v2pro_i2c_RKV_I2C_TB_05\rkv_i2c_tb\seq_lib\user_virt_seqs\rkv_i2c_master_abrt_txdata_noack_virt_seq.sv ...
Done C:\Users\ADMIN\Desktop\V2_pro\virtual_project\rkv_v2pro_i2c_RKV_I2C_TB_05\rkv_i2c_tb\seq_lib\user_virt_seqs\rkv_i2c_master_abrt_txdata_noack_virt_seq.sv [2 ms, 68 lines, SystemVerilog_2012] ...
Loading (288) C:\Users\ADMIN\Desktop\V2_pro\virtual_project\rkv_v2pro_i2c_RKV_I2C_TB_05\rkv_i2c_tb\seq_lib\user_virt_seqs\rkv_i2c_master_abrt_10b_rd_norstrt_virt_seq.sv ...
Done C:\Users\ADMIN\Desktop\V2_pro\virtual_project\rkv_v2pro_i2c_RKV_I2C_TB_05\rkv_i2c_tb\seq_lib\user_virt_seqs\rkv_i2c_master_abrt_10b_rd_norstrt_virt_seq.sv [1 ms, 57 lines, SystemVerilog_2012] ...
Loading (289) C:\Users\ADMIN\Desktop\V2_pro\virtual_project\rkv_v2pro_i2c_RKV_I2C_TB_05\rkv_i2c_tb\seq_lib\user_virt_seqs\rkv_i2c_master_ss_cnt_virt_seq.sv ...
Done C:\Users\ADMIN\Desktop\V2_pro\virtual_project\rkv_v2pro_i2c_RKV_I2C_TB_05\rkv_i2c_tb\seq_lib\user_virt_seqs\rkv_i2c_master_ss_cnt_virt_seq.sv [2 ms, 110 lines, SystemVerilog_2012] ...
Loading (290) C:\Users\ADMIN\Desktop\V2_pro\virtual_project\rkv_v2pro_i2c_RKV_I2C_TB_05\rkv_i2c_tb\seq_lib\user_virt_seqs\rkv_i2c_master_fs_cnt_virt_seq.sv ...
Done C:\Users\ADMIN\Desktop\V2_pro\virtual_project\rkv_v2pro_i2c_RKV_I2C_TB_05\rkv_i2c_tb\seq_lib\user_virt_seqs\rkv_i2c_master_fs_cnt_virt_seq.sv [56 ms, 113 lines, SystemVerilog_2012] ...
Loading (291) C:\Users\ADMIN\Desktop\V2_pro\virtual_project\rkv_v2pro_i2c_RKV_I2C_TB_05\rkv_i2c_tb\seq_lib\user_virt_seqs\rkv_i2c_master_hs_cnt_virt_seq.sv ...
Done C:\Users\ADMIN\Desktop\V2_pro\virtual_project\rkv_v2pro_i2c_RKV_I2C_TB_05\rkv_i2c_tb\seq_lib\user_virt_seqs\rkv_i2c_master_hs_cnt_virt_seq.sv [3 ms, 113 lines, SystemVerilog_2012] ...
Done C:\Users\ADMIN\Desktop\V2_pro\virtual_project\rkv_v2pro_i2c_RKV_I2C_TB_05\rkv_i2c_tb\seq_lib\user_virt_seqs\rkv_i2c_user_virtual_sequences.svh [0 ms, 42 lines, SystemVerilog_2012] ...
Loading (292) C:\Users\ADMIN\Desktop\V2_pro\virtual_project\rkv_v2pro_i2c_RKV_I2C_TB_05\rkv_i2c_tb\tests\rkv_i2c_tests.svh ...
Loading (293) C:\Users\ADMIN\Desktop\V2_pro\virtual_project\rkv_v2pro_i2c_RKV_I2C_TB_05\rkv_i2c_tb\tests\rkv_i2c_base_test.sv ...
Done C:\Users\ADMIN\Desktop\V2_pro\virtual_project\rkv_v2pro_i2c_RKV_I2C_TB_05\rkv_i2c_tb\tests\rkv_i2c_base_test.sv [0 ms, 44 lines, SystemVerilog_2012] ...
Loading (294) C:\Users\ADMIN\Desktop\V2_pro\virtual_project\rkv_v2pro_i2c_RKV_I2C_TB_05\rkv_i2c_tb\tests\rkv_i2c_quick_reg_access_test.sv ...
Done C:\Users\ADMIN\Desktop\V2_pro\virtual_project\rkv_v2pro_i2c_RKV_I2C_TB_05\rkv_i2c_tb\tests\rkv_i2c_quick_reg_access_test.sv [1 ms, 33 lines, SystemVerilog_2012] ...
Loading (295) C:\Users\ADMIN\Desktop\V2_pro\virtual_project\rkv_v2pro_i2c_RKV_I2C_TB_05\rkv_i2c_tb\tests\rkv_i2c_reg_hw_reset_test.sv ...
Done C:\Users\ADMIN\Desktop\V2_pro\virtual_project\rkv_v2pro_i2c_RKV_I2C_TB_05\rkv_i2c_tb\tests\rkv_i2c_reg_hw_reset_test.sv [0 ms, 32 lines, SystemVerilog_2012] ...
Loading (296) C:\Users\ADMIN\Desktop\V2_pro\virtual_project\rkv_v2pro_i2c_RKV_I2C_TB_05\rkv_i2c_tb\tests\rkv_i2c_reg_bit_bash_test.sv ...
Done C:\Users\ADMIN\Desktop\V2_pro\virtual_project\rkv_v2pro_i2c_RKV_I2C_TB_05\rkv_i2c_tb\tests\rkv_i2c_reg_bit_bash_test.sv [0 ms, 32 lines, SystemVerilog_2012] ...
Loading (297) C:\Users\ADMIN\Desktop\V2_pro\virtual_project\rkv_v2pro_i2c_RKV_I2C_TB_05\rkv_i2c_tb\tests\rkv_i2c_reg_access_test.sv ...
Done C:\Users\ADMIN\Desktop\V2_pro\virtual_project\rkv_v2pro_i2c_RKV_I2C_TB_05\rkv_i2c_tb\tests\rkv_i2c_reg_access_test.sv [53 ms, 32 lines, SystemVerilog_2012] ...
Loading (298) C:\Users\ADMIN\Desktop\V2_pro\virtual_project\rkv_v2pro_i2c_RKV_I2C_TB_05\rkv_i2c_tb\tests\rkv_i2c_master_directed_interrupt_test.sv ...
Done C:\Users\ADMIN\Desktop\V2_pro\virtual_project\rkv_v2pro_i2c_RKV_I2C_TB_05\rkv_i2c_tb\tests\rkv_i2c_master_directed_interrupt_test.sv [0 ms, 32 lines, SystemVerilog_2012] ...
Loading (299) C:\Users\ADMIN\Desktop\V2_pro\virtual_project\rkv_v2pro_i2c_RKV_I2C_TB_05\rkv_i2c_tb\tests\rkv_i2c_master_directed_write_packet_test.sv ...
Done C:\Users\ADMIN\Desktop\V2_pro\virtual_project\rkv_v2pro_i2c_RKV_I2C_TB_05\rkv_i2c_tb\tests\rkv_i2c_master_directed_write_packet_test.sv [0 ms, 32 lines, SystemVerilog_2012] ...
Loading (300) C:\Users\ADMIN\Desktop\V2_pro\virtual_project\rkv_v2pro_i2c_RKV_I2C_TB_05\rkv_i2c_tb\tests\rkv_i2c_master_directed_read_packet_test.sv ...
Done C:\Users\ADMIN\Desktop\V2_pro\virtual_project\rkv_v2pro_i2c_RKV_I2C_TB_05\rkv_i2c_tb\tests\rkv_i2c_master_directed_read_packet_test.sv [1 ms, 32 lines, SystemVerilog_2012] ...
Done C:\Users\ADMIN\Desktop\V2_pro\virtual_project\rkv_v2pro_i2c_RKV_I2C_TB_05\rkv_i2c_tb\tests\rkv_i2c_tests.svh [0 ms, 16 lines, SystemVerilog_2012] ...
Loading (301) C:\Users\ADMIN\Desktop\V2_pro\virtual_project\rkv_v2pro_i2c_RKV_I2C_TB_05\rkv_i2c_tb\tests\user_tests\rkv_i2c_user_tests.svh ...
Loading (302) C:\Users\ADMIN\Desktop\V2_pro\virtual_project\rkv_v2pro_i2c_RKV_I2C_TB_05\rkv_i2c_tb\tests\user_tests\rkv_i2c_master_sda_control_cg_test.sv ...
Done C:\Users\ADMIN\Desktop\V2_pro\virtual_project\rkv_v2pro_i2c_RKV_I2C_TB_05\rkv_i2c_tb\tests\user_tests\rkv_i2c_master_sda_control_cg_test.sv [0 ms, 32 lines, SystemVerilog_2012] ...
Loading (303) C:\Users\ADMIN\Desktop\V2_pro\virtual_project\rkv_v2pro_i2c_RKV_I2C_TB_05\rkv_i2c_tb\tests\user_tests\rkv_i2c_master_address_cg_test.sv ...
Done C:\Users\ADMIN\Desktop\V2_pro\virtual_project\rkv_v2pro_i2c_RKV_I2C_TB_05\rkv_i2c_tb\tests\user_tests\rkv_i2c_master_address_cg_test.sv [1 ms, 32 lines, SystemVerilog_2012] ...
Loading (304) C:\Users\ADMIN\Desktop\V2_pro\virtual_project\rkv_v2pro_i2c_RKV_I2C_TB_05\rkv_i2c_tb\tests\user_tests\rkv_i2c_master_enabled_cg_test.sv ...
Done C:\Users\ADMIN\Desktop\V2_pro\virtual_project\rkv_v2pro_i2c_RKV_I2C_TB_05\rkv_i2c_tb\tests\user_tests\rkv_i2c_master_enabled_cg_test.sv [0 ms, 32 lines, SystemVerilog_2012] ...
Loading (305) C:\Users\ADMIN\Desktop\V2_pro\virtual_project\rkv_v2pro_i2c_RKV_I2C_TB_05\rkv_i2c_tb\tests\user_tests\rkv_i2c_master_timeout_cg_test.sv ...
Done C:\Users\ADMIN\Desktop\V2_pro\virtual_project\rkv_v2pro_i2c_RKV_I2C_TB_05\rkv_i2c_tb\tests\user_tests\rkv_i2c_master_timeout_cg_test.sv [1 ms, 32 lines, SystemVerilog_2012] ...
Loading (306) C:\Users\ADMIN\Desktop\V2_pro\virtual_project\rkv_v2pro_i2c_RKV_I2C_TB_05\rkv_i2c_tb\tests\user_tests\rkv_i2c_master_start_byte_test.sv ...
Done C:\Users\ADMIN\Desktop\V2_pro\virtual_project\rkv_v2pro_i2c_RKV_I2C_TB_05\rkv_i2c_tb\tests\user_tests\rkv_i2c_master_start_byte_test.sv [52 ms, 32 lines, SystemVerilog_2012] ...
Loading (307) C:\Users\ADMIN\Desktop\V2_pro\virtual_project\rkv_v2pro_i2c_RKV_I2C_TB_05\rkv_i2c_tb\tests\user_tests\rkv_i2c_master_hs_master_code_test.sv ...
Done C:\Users\ADMIN\Desktop\V2_pro\virtual_project\rkv_v2pro_i2c_RKV_I2C_TB_05\rkv_i2c_tb\tests\user_tests\rkv_i2c_master_hs_master_code_test.sv [0 ms, 32 lines, SystemVerilog_2012] ...
Loading (308) C:\Users\ADMIN\Desktop\V2_pro\virtual_project\rkv_v2pro_i2c_RKV_I2C_TB_05\rkv_i2c_tb\tests\user_tests\rkv_i2c_master_tx_empty_intr_test.sv ...
Done C:\Users\ADMIN\Desktop\V2_pro\virtual_project\rkv_v2pro_i2c_RKV_I2C_TB_05\rkv_i2c_tb\tests\user_tests\rkv_i2c_master_tx_empty_intr_test.sv [1 ms, 32 lines, SystemVerilog_2012] ...
Loading (309) C:\Users\ADMIN\Desktop\V2_pro\virtual_project\rkv_v2pro_i2c_RKV_I2C_TB_05\rkv_i2c_tb\tests\user_tests\rkv_i2c_master_rx_over_intr_test.sv ...
Done C:\Users\ADMIN\Desktop\V2_pro\virtual_project\rkv_v2pro_i2c_RKV_I2C_TB_05\rkv_i2c_tb\tests\user_tests\rkv_i2c_master_rx_over_intr_test.sv [0 ms, 32 lines, SystemVerilog_2012] ...
Loading (310) C:\Users\ADMIN\Desktop\V2_pro\virtual_project\rkv_v2pro_i2c_RKV_I2C_TB_05\rkv_i2c_tb\tests\user_tests\rkv_i2c_master_rx_full_intr_test.sv ...
Done C:\Users\ADMIN\Desktop\V2_pro\virtual_project\rkv_v2pro_i2c_RKV_I2C_TB_05\rkv_i2c_tb\tests\user_tests\rkv_i2c_master_rx_full_intr_test.sv [0 ms, 32 lines, SystemVerilog_2012] ...
Loading (311) C:\Users\ADMIN\Desktop\V2_pro\virtual_project\rkv_v2pro_i2c_RKV_I2C_TB_05\rkv_i2c_tb\tests\user_tests\rkv_i2c_master_tx_abrt_intr_test.sv ...
Done C:\Users\ADMIN\Desktop\V2_pro\virtual_project\rkv_v2pro_i2c_RKV_I2C_TB_05\rkv_i2c_tb\tests\user_tests\rkv_i2c_master_tx_abrt_intr_test.sv [0 ms, 32 lines, SystemVerilog_2012] ...
Loading (312) C:\Users\ADMIN\Desktop\V2_pro\virtual_project\rkv_v2pro_i2c_RKV_I2C_TB_05\rkv_i2c_tb\tests\user_tests\rkv_i2c_master_tx_full_intr_test.sv ...
Done C:\Users\ADMIN\Desktop\V2_pro\virtual_project\rkv_v2pro_i2c_RKV_I2C_TB_05\rkv_i2c_tb\tests\user_tests\rkv_i2c_master_tx_full_intr_test.sv [1 ms, 32 lines, SystemVerilog_2012] ...
Loading (313) C:\Users\ADMIN\Desktop\V2_pro\virtual_project\rkv_v2pro_i2c_RKV_I2C_TB_05\rkv_i2c_tb\tests\user_tests\rkv_i2c_master_tx_over_intr_test.sv ...
Done C:\Users\ADMIN\Desktop\V2_pro\virtual_project\rkv_v2pro_i2c_RKV_I2C_TB_05\rkv_i2c_tb\tests\user_tests\rkv_i2c_master_tx_over_intr_test.sv [0 ms, 32 lines, SystemVerilog_2012] ...
Loading (314) C:\Users\ADMIN\Desktop\V2_pro\virtual_project\rkv_v2pro_i2c_RKV_I2C_TB_05\rkv_i2c_tb\tests\user_tests\rkv_i2c_master_activity_intr_output_test.sv ...
Done C:\Users\ADMIN\Desktop\V2_pro\virtual_project\rkv_v2pro_i2c_RKV_I2C_TB_05\rkv_i2c_tb\tests\user_tests\rkv_i2c_master_activity_intr_output_test.sv [52 ms, 32 lines, SystemVerilog_2012] ...
Loading (315) C:\Users\ADMIN\Desktop\V2_pro\virtual_project\rkv_v2pro_i2c_RKV_I2C_TB_05\rkv_i2c_tb\tests\user_tests\rkv_i2c_slave_directed_read_packet_test.sv ...
Done C:\Users\ADMIN\Desktop\V2_pro\virtual_project\rkv_v2pro_i2c_RKV_I2C_TB_05\rkv_i2c_tb\tests\user_tests\rkv_i2c_slave_directed_read_packet_test.sv [0 ms, 32 lines, SystemVerilog_2012] ...
Loading (316) C:\Users\ADMIN\Desktop\V2_pro\virtual_project\rkv_v2pro_i2c_RKV_I2C_TB_05\rkv_i2c_tb\tests\user_tests\rkv_i2c_slave_directed_write_packet_test.sv ...
Done C:\Users\ADMIN\Desktop\V2_pro\virtual_project\rkv_v2pro_i2c_RKV_I2C_TB_05\rkv_i2c_tb\tests\user_tests\rkv_i2c_slave_directed_write_packet_test.sv [0 ms, 32 lines, SystemVerilog_2012] ...
Loading (317) C:\Users\ADMIN\Desktop\V2_pro\virtual_project\rkv_v2pro_i2c_RKV_I2C_TB_05\rkv_i2c_tb\tests\user_tests\rkv_i2c_master_abrt_7b_addr_noack_test.sv ...
Done C:\Users\ADMIN\Desktop\V2_pro\virtual_project\rkv_v2pro_i2c_RKV_I2C_TB_05\rkv_i2c_tb\tests\user_tests\rkv_i2c_master_abrt_7b_addr_noack_test.sv [0 ms, 32 lines, SystemVerilog_2012] ...
Loading (318) C:\Users\ADMIN\Desktop\V2_pro\virtual_project\rkv_v2pro_i2c_RKV_I2C_TB_05\rkv_i2c_tb\tests\user_tests\rkv_i2c_master_abrt_sbyte_norstrt_test.sv ...
Done C:\Users\ADMIN\Desktop\V2_pro\virtual_project\rkv_v2pro_i2c_RKV_I2C_TB_05\rkv_i2c_tb\tests\user_tests\rkv_i2c_master_abrt_sbyte_norstrt_test.sv [0 ms, 32 lines, SystemVerilog_2012] ...
Loading (319) C:\Users\ADMIN\Desktop\V2_pro\virtual_project\rkv_v2pro_i2c_RKV_I2C_TB_05\rkv_i2c_tb\tests\user_tests\rkv_i2c_master_abrt_txdata_noack_test.sv ...
Done C:\Users\ADMIN\Desktop\V2_pro\virtual_project\rkv_v2pro_i2c_RKV_I2C_TB_05\rkv_i2c_tb\tests\user_tests\rkv_i2c_master_abrt_txdata_noack_test.sv [1 ms, 31 lines, SystemVerilog_2012] ...
Loading (320) C:\Users\ADMIN\Desktop\V2_pro\virtual_project\rkv_v2pro_i2c_RKV_I2C_TB_05\rkv_i2c_tb\tests\user_tests\rkv_i2c_master_abrt_10b_rd_norstrt_test.sv ...
Done C:\Users\ADMIN\Desktop\V2_pro\virtual_project\rkv_v2pro_i2c_RKV_I2C_TB_05\rkv_i2c_tb\tests\user_tests\rkv_i2c_master_abrt_10b_rd_norstrt_test.sv [0 ms, 32 lines, SystemVerilog_2012] ...
Loading (321) C:\Users\ADMIN\Desktop\V2_pro\virtual_project\rkv_v2pro_i2c_RKV_I2C_TB_05\rkv_i2c_tb\tests\user_tests\rkv_i2c_master_ss_cnt_test.sv ...
Done C:\Users\ADMIN\Desktop\V2_pro\virtual_project\rkv_v2pro_i2c_RKV_I2C_TB_05\rkv_i2c_tb\tests\user_tests\rkv_i2c_master_ss_cnt_test.sv [1 ms, 32 lines, SystemVerilog_2012] ...
Loading (322) C:\Users\ADMIN\Desktop\V2_pro\virtual_project\rkv_v2pro_i2c_RKV_I2C_TB_05\rkv_i2c_tb\tests\user_tests\rkv_i2c_master_fs_cnt_test.sv ...
Done C:\Users\ADMIN\Desktop\V2_pro\virtual_project\rkv_v2pro_i2c_RKV_I2C_TB_05\rkv_i2c_tb\tests\user_tests\rkv_i2c_master_fs_cnt_test.sv [31 ms, 32 lines, SystemVerilog_2012] ...
Loading (323) C:\Users\ADMIN\Desktop\V2_pro\virtual_project\rkv_v2pro_i2c_RKV_I2C_TB_05\rkv_i2c_tb\tests\user_tests\rkv_i2c_master_hs_cnt_test.sv ...
Done C:\Users\ADMIN\Desktop\V2_pro\virtual_project\rkv_v2pro_i2c_RKV_I2C_TB_05\rkv_i2c_tb\tests\user_tests\rkv_i2c_master_hs_cnt_test.sv [29 ms, 32 lines, SystemVerilog_2012] ...
Done C:\Users\ADMIN\Desktop\V2_pro\virtual_project\rkv_v2pro_i2c_RKV_I2C_TB_05\rkv_i2c_tb\tests\user_tests\rkv_i2c_user_tests.svh [0 ms, 47 lines, SystemVerilog_2012] ...
Done C:\Users\ADMIN\Desktop\V2_pro\virtual_project\rkv_v2pro_i2c_RKV_I2C_TB_05\rkv_i2c_tb\env\rkv_i2c_pkg.sv [0 ms, 29 lines, SystemVerilog_2012] ...
Loading (324) C:\Users\ADMIN\Desktop\V2_pro\virtual_project\rkv_v2pro_i2c_RKV_I2C_TB_05\rkv_i2c_tb\tb\rkv_i2c_if.sv ...
Skip (optimized) C:\dvt_eclipse\predefined_projects\libs\uvm-1.2\src\uvm_macros.svh ...
Done C:\Users\ADMIN\Desktop\V2_pro\virtual_project\rkv_v2pro_i2c_RKV_I2C_TB_05\rkv_i2c_tb\tb\rkv_i2c_if.sv [4 ms, 86 lines, SystemVerilog_2012] ...
Loading (325) C:\Users\ADMIN\Desktop\V2_pro\virtual_project\rkv_v2pro_i2c_RKV_I2C_TB_05\rkv_i2c_tb\tb\rkv_i2c_tb.sv ...
Skip (optimized) C:\dvt_eclipse\predefined_projects\libs\uvm-1.2\src\uvm_macros.svh ...
Done C:\Users\ADMIN\Desktop\V2_pro\virtual_project\rkv_v2pro_i2c_RKV_I2C_TB_05\rkv_i2c_tb\tb\rkv_i2c_tb.sv [2 ms, 137 lines, SystemVerilog_2012] ...
*** Done parsing [LT 3993.0 ms, PT 4036.0 ms, SGT 4%, UGT 4%] ***
*** Total number of lines [112 475] ***
Performing post full build actions ...
Performing post full build step 1 (SRI) [2 ms] ...
Performing post full build step 2 (RI) [9 ms] ...
Performing post full build step 3 (RCP) [20 ms] ...
*** Done SystemVerilog build [4s.141ms] ***
*** Start mixed mode extension build ***
Performing mixed post full build step 1 (Verilog - RI) [3 ms] ...
Performing mixed post full build step 2 (Verilog - RC) [0 ms] ...
Performing mixed post full build step 3 (Verilog - RPC) [53 ms] ...
Performing mixed post full build step 4 (Verilog - RD) [31 ms] ...
Performing mixed post full build step 5 (Verilog - FSC) [518 ms] ...
Performing mixed post full build step 6 (Verilog - EV) [212 ms] ...
Performing mixed post full build step 7 (Verilog - US) [51 ms] ...
*** Done mixed mode extension build [984 ms] ***
*** Start adding/validating the DVT Auto-Linked resources ***
*** Done adding/validating the DVT Auto-Linked resources [22 ms] ***
*** Total build time [5s.178ms] ***
